/opt/scripts/tech/sky130A_mr.drc:48: warning: already initialized constant DRC::DRCEngine::FEOL
/opt/scripts/tech/sky130A_mr.drc:40: warning: previous definition of FEOL was here
/opt/scripts/tech/sky130A_mr.drc:56: warning: already initialized constant DRC::DRCEngine::BEOL
/opt/scripts/tech/sky130A_mr.drc:41: warning: previous definition of BEOL was here
/opt/scripts/tech/sky130A_mr.drc:62: warning: already initialized constant DRC::DRCEngine::OFFGRID
/opt/scripts/tech/sky130A_mr.drc:42: warning: previous definition of OFFGRID was here
/opt/scripts/tech/sky130A_mr.drc:68: warning: already initialized constant DRC::DRCEngine::SEAL
/opt/scripts/tech/sky130A_mr.drc:43: warning: previous definition of SEAL was here
/opt/scripts/tech/sky130A_mr.drc:74: warning: already initialized constant DRC::DRCEngine::FLOATING_MET
/opt/scripts/tech/sky130A_mr.drc:44: warning: previous definition of FLOATING_MET was here
"input" in: sky130A_mr.drc:124
    Polygons (raw): 916818 (flat)  3837 (hierarchical)
    Elapsed: 0.210s  Memory: 2156.00M
"polygons" in: sky130A_mr.drc:125
    Polygons (raw): 108725 (flat)  1002 (hierarchical)
    Elapsed: 0.130s  Memory: 2156.00M
"polygons" in: sky130A_mr.drc:126
    Polygons (raw): 497119 (flat)  1160 (hierarchical)
    Elapsed: 0.130s  Memory: 2156.00M
"polygons" in: sky130A_mr.drc:127
    Polygons (raw): 853 (flat)  36 (hierarchical)
    Elapsed: 0.000s  Memory: 2156.00M
"polygons" in: sky130A_mr.drc:128
    Polygons (raw): 0 (flat)  0 (hierarchical)
    Elapsed: 0.000s  Memory: 2156.00M
"polygons" in: sky130A_mr.drc:129
    Polygons (raw): 0 (flat)  0 (hierarchical)
    Elapsed: 0.000s  Memory: 2156.00M
"polygons" in: sky130A_mr.drc:130
    Polygons (raw): 0 (flat)  0 (hierarchical)
    Elapsed: 0.000s  Memory: 2156.00M
"polygons" in: sky130A_mr.drc:131
    Polygons (raw): 0 (flat)  0 (hierarchical)
    Elapsed: 0.000s  Memory: 2156.00M
"polygons" in: sky130A_mr.drc:132
    Polygons (raw): 396865 (flat)  468 (hierarchical)
    Elapsed: 0.120s  Memory: 2156.00M
"polygons" in: sky130A_mr.drc:133
    Polygons (raw): 0 (flat)  0 (hierarchical)
    Elapsed: 0.010s  Memory: 2156.00M
"polygons" in: sky130A_mr.drc:134
    Polygons (raw): 54311 (flat)  575 (hierarchical)
    Elapsed: 0.020s  Memory: 2156.00M
"polygons" in: sky130A_mr.drc:135
    Polygons (raw): 0 (flat)  0 (hierarchical)
    Elapsed: 0.000s  Memory: 2156.00M
"polygons" in: sky130A_mr.drc:136
    Polygons (raw): 5945 (flat)  38 (hierarchical)
    Elapsed: 0.000s  Memory: 2156.00M
"polygons" in: sky130A_mr.drc:137
    Polygons (raw): 1311507 (flat)  8728 (hierarchical)
    Elapsed: 0.150s  Memory: 2156.00M
"polygons" in: sky130A_mr.drc:138
    Polygons (raw): 33 (flat)  16 (hierarchical)
    Elapsed: 0.010s  Memory: 2156.00M
"polygons" in: sky130A_mr.drc:139
    Polygons (raw): 581340 (flat)  1659 (hierarchical)
    Elapsed: 0.120s  Memory: 2156.00M
"polygons" in: sky130A_mr.drc:140
    Polygons (raw): 552321 (flat)  1474 (hierarchical)
    Elapsed: 0.130s  Memory: 2156.00M
"polygons" in: sky130A_mr.drc:141
    Polygons (raw): 0 (flat)  0 (hierarchical)
    Elapsed: 0.000s  Memory: 2156.00M
"polygons" in: sky130A_mr.drc:142
    Polygons (raw): 1 (flat)  1 (hierarchical)
    Elapsed: 0.000s  Memory: 2156.00M
"polygons" in: sky130A_mr.drc:143
    Polygons (raw): 281898 (flat)  2063 (hierarchical)
    Elapsed: 0.130s  Memory: 2156.00M
"polygons" in: sky130A_mr.drc:144
    Polygons (raw): 7142096 (flat)  156136 (hierarchical)
    Elapsed: 0.220s  Memory: 2159.00M
"polygons" in: sky130A_mr.drc:146
    Polygons (raw): 2979695 (flat)  297028 (hierarchical)
    Elapsed: 0.320s  Memory: 2167.00M
"polygons" in: sky130A_mr.drc:147
    Polygons (raw): 6711261 (flat)  446772 (hierarchical)
    Elapsed: 0.390s  Memory: 2177.00M
"polygons" in: sky130A_mr.drc:149
    Polygons (raw): 3111314 (flat)  1706861 (hierarchical)
    Elapsed: 1.210s  Memory: 2214.00M
"polygons" in: sky130A_mr.drc:150
    Polygons (raw): 1306209 (flat)  568387 (hierarchical)
    Elapsed: 0.510s  Memory: 2224.00M
"polygons" in: sky130A_mr.drc:152
    Polygons (raw): 1173942 (flat)  903172 (hierarchical)
    Elapsed: 0.740s  Memory: 2246.00M
"polygons" in: sky130A_mr.drc:153
    Polygons (raw): 865799 (flat)  206386 (hierarchical)
    Elapsed: 0.280s  Memory: 2249.00M
"polygons" in: sky130A_mr.drc:155
    Polygons (raw): 318280 (flat)  275513 (hierarchical)
    Elapsed: 0.310s  Memory: 2257.00M
"polygons" in: sky130A_mr.drc:156
    Polygons (raw): 756880 (flat)  199813 (hierarchical)
    Elapsed: 0.270s  Memory: 2260.00M
"polygons" in: sky130A_mr.drc:158
    Polygons (raw): 79548 (flat)  19735 (hierarchical)
    Elapsed: 0.150s  Memory: 2260.00M
"polygons" in: sky130A_mr.drc:159
    Polygons (raw): 247856 (flat)  31806 (hierarchical)
    Elapsed: 0.120s  Memory: 2260.00M
"polygons" in: sky130A_mr.drc:161
    Polygons (raw): 27019 (flat)  2518 (hierarchical)
    Elapsed: 0.100s  Memory: 2260.00M
"polygons" in: sky130A_mr.drc:163
    Polygons (raw): 107 (flat)  1 (hierarchical)
    Elapsed: 0.000s  Memory: 2260.00M
"polygons" in: sky130A_mr.drc:164
    Polygons (raw): 36 (flat)  9 (hierarchical)
    Elapsed: 0.000s  Memory: 2260.00M
"polygons" in: sky130A_mr.drc:165
    Polygons (raw): 1 (flat)  1 (hierarchical)
    Elapsed: 0.000s  Memory: 2260.00M
"polygons" in: sky130A_mr.drc:166
    Polygons (raw): 1 (flat)  1 (hierarchical)
    Elapsed: 0.010s  Memory: 2260.00M
"polygons" in: sky130A_mr.drc:167
    Polygons (raw): 0 (flat)  0 (hierarchical)
    Elapsed: 0.000s  Memory: 2260.00M
"polygons" in: sky130A_mr.drc:168
    Polygons (raw): 0 (flat)  0 (hierarchical)
    Elapsed: 0.000s  Memory: 2260.00M
"polygons" in: sky130A_mr.drc:169
    Polygons (raw): 0 (flat)  0 (hierarchical)
    Elapsed: 0.010s  Memory: 2260.00M
"polygons" in: sky130A_mr.drc:170
    Polygons (raw): 0 (flat)  0 (hierarchical)
    Elapsed: 0.000s  Memory: 2260.00M
"polygons" in: sky130A_mr.drc:171
    Polygons (raw): 0 (flat)  0 (hierarchical)
    Elapsed: 0.000s  Memory: 2260.00M
"polygons" in: sky130A_mr.drc:172
    Polygons (raw): 0 (flat)  0 (hierarchical)
    Elapsed: 0.000s  Memory: 2260.00M
"polygons" in: sky130A_mr.drc:173
    Polygons (raw): 0 (flat)  0 (hierarchical)
    Elapsed: 0.000s  Memory: 2260.00M
"polygons" in: sky130A_mr.drc:174
    Polygons (raw): 0 (flat)  0 (hierarchical)
    Elapsed: 0.000s  Memory: 2260.00M
"polygons" in: sky130A_mr.drc:175
    Polygons (raw): 107 (flat)  1 (hierarchical)
    Elapsed: 0.000s  Memory: 2260.00M
"polygons" in: sky130A_mr.drc:176
    Polygons (raw): 0 (flat)  0 (hierarchical)
    Elapsed: 0.000s  Memory: 2260.00M
"polygons" in: sky130A_mr.drc:177
    Polygons (raw): 24 (flat)  6 (hierarchical)
    Elapsed: 0.000s  Memory: 2260.00M
"polygons" in: sky130A_mr.drc:178
    Polygons (raw): 0 (flat)  0 (hierarchical)
    Elapsed: 0.000s  Memory: 2260.00M
"polygons" in: sky130A_mr.drc:179
    Polygons (raw): 0 (flat)  0 (hierarchical)
    Elapsed: 0.000s  Memory: 2260.00M
"polygons" in: sky130A_mr.drc:180
    Polygons (raw): 393352 (flat)  454 (hierarchical)
    Elapsed: 0.110s  Memory: 2261.00M
"polygons" in: sky130A_mr.drc:181
    Polygons (raw): 3799 (flat)  133 (hierarchical)
    Elapsed: 0.000s  Memory: 2261.00M
"polygons" in: sky130A_mr.drc:182
    Polygons (raw): 0 (flat)  0 (hierarchical)
    Elapsed: 0.000s  Memory: 2261.00M
"polygons" in: sky130A_mr.drc:183
    Polygons (raw): 2520 (flat)  112 (hierarchical)
    Elapsed: 0.000s  Memory: 2261.00M
"polygons" in: sky130A_mr.drc:184
    Polygons (raw): 0 (flat)  0 (hierarchical)
    Elapsed: 0.000s  Memory: 2261.00M
"polygons" in: sky130A_mr.drc:185
    Polygons (raw): 0 (flat)  0 (hierarchical)
    Elapsed: 0.010s  Memory: 2261.00M
"polygons" in: sky130A_mr.drc:186
    Polygons (raw): 0 (flat)  0 (hierarchical)
    Elapsed: 0.000s  Memory: 2261.00M
"polygons" in: sky130A_mr.drc:187
    Polygons (raw): 0 (flat)  0 (hierarchical)
    Elapsed: 0.000s  Memory: 2261.00M
"polygons" in: sky130A_mr.drc:188
    Polygons (raw): 5 (flat)  5 (hierarchical)
    Elapsed: 0.100s  Memory: 2261.00M
"polygons" in: sky130A_mr.drc:189
    Polygons (raw): 0 (flat)  0 (hierarchical)
    Elapsed: 0.010s  Memory: 2261.00M
"polygons" in: sky130A_mr.drc:190
    Polygons (raw): 0 (flat)  0 (hierarchical)
    Elapsed: 0.000s  Memory: 2261.00M
"polygons" in: sky130A_mr.drc:191
    Polygons (raw): 0 (flat)  0 (hierarchical)
    Elapsed: 0.000s  Memory: 2261.00M
"polygons" in: sky130A_mr.drc:192
    Polygons (raw): 981 (flat)  4 (hierarchical)
    Elapsed: 0.000s  Memory: 2261.00M
"polygons" in: sky130A_mr.drc:193
    Polygons (raw): 67592 (flat)  5 (hierarchical)
    Elapsed: 0.130s  Memory: 2261.00M
"polygons" in: sky130A_mr.drc:194
    Polygons (raw): 0 (flat)  0 (hierarchical)
    Elapsed: 0.000s  Memory: 2261.00M
"polygons" in: sky130A_mr.drc:195
    Polygons (raw): 0 (flat)  0 (hierarchical)
    Elapsed: 0.000s  Memory: 2261.00M
"polygons" in: sky130A_mr.drc:196
    Polygons (raw): 372 (flat)  93 (hierarchical)
    Elapsed: 0.000s  Memory: 2261.00M
"polygons" in: sky130A_mr.drc:197
    Polygons (raw): 8 (flat)  2 (hierarchical)
    Elapsed: 0.000s  Memory: 2261.00M
"polygons" in: sky130A_mr.drc:198
    Polygons (raw): 45 (flat)  8 (hierarchical)
    Elapsed: 0.020s  Memory: 2261.00M
"polygons" in: sky130A_mr.drc:199
    Polygons (raw): 0 (flat)  0 (hierarchical)
    Elapsed: 0.000s  Memory: 2261.00M
"polygons" in: sky130A_mr.drc:200
    Polygons (raw): 0 (flat)  0 (hierarchical)
    Elapsed: 0.000s  Memory: 2261.00M
"polygons" in: sky130A_mr.drc:201
    Polygons (raw): 0 (flat)  0 (hierarchical)
    Elapsed: 0.000s  Memory: 2261.00M
"polygons" in: sky130A_mr.drc:202
    Polygons (raw): 0 (flat)  0 (hierarchical)
    Elapsed: 0.000s  Memory: 2261.00M
"polygons" in: sky130A_mr.drc:203
    Polygons (raw): 0 (flat)  0 (hierarchical)
    Elapsed: 0.000s  Memory: 2261.00M
"polygons" in: sky130A_mr.drc:204
    Polygons (raw): 0 (flat)  0 (hierarchical)
    Elapsed: 0.000s  Memory: 2261.00M
"polygons" in: sky130A_mr.drc:205
    Polygons (raw): 0 (flat)  0 (hierarchical)
    Elapsed: 0.000s  Memory: 2261.00M
"polygons" in: sky130A_mr.drc:206
    Polygons (raw): 0 (flat)  0 (hierarchical)
    Elapsed: 0.000s  Memory: 2261.00M
"polygons" in: sky130A_mr.drc:207
    Polygons (raw): 0 (flat)  0 (hierarchical)
    Elapsed: 0.000s  Memory: 2261.00M
"polygons" in: sky130A_mr.drc:208
    Polygons (raw): 0 (flat)  0 (hierarchical)
    Elapsed: 0.000s  Memory: 2261.00M
"polygons" in: sky130A_mr.drc:209
    Polygons (raw): 0 (flat)  0 (hierarchical)
    Elapsed: 0.000s  Memory: 2261.00M
"polygons" in: sky130A_mr.drc:210
    Polygons (raw): 0 (flat)  0 (hierarchical)
    Elapsed: 0.000s  Memory: 2261.00M
"polygons" in: sky130A_mr.drc:211
    Polygons (raw): 3060 (flat)  202 (hierarchical)
    Elapsed: 0.000s  Memory: 2261.00M
"polygons" in: sky130A_mr.drc:212
    Polygons (raw): 109 (flat)  39 (hierarchical)
    Elapsed: 0.000s  Memory: 2261.00M
"polygons" in: sky130A_mr.drc:213
    Polygons (raw): 0 (flat)  0 (hierarchical)
    Elapsed: 0.000s  Memory: 2261.00M
"polygons" in: sky130A_mr.drc:214
    Polygons (raw): 0 (flat)  0 (hierarchical)
    Elapsed: 0.000s  Memory: 2261.00M
"polygons" in: sky130A_mr.drc:215
    Polygons (raw): 0 (flat)  0 (hierarchical)
    Elapsed: 0.000s  Memory: 2261.00M
DRC section
FEOL section
START: 64/18 (dnwell)
"width" in: sky130A_mr.drc:241
    Edge pairs: 0 (flat)  0 (hierarchical)
    Elapsed: 0.150s  Memory: 2273.00M
"output" in: sky130A_mr.drc:241
    Edge pairs: 0 (flat)  0 (hierarchical)
    Elapsed: 0.000s  Memory: 2273.00M
END: 64/18 (dnwell)
"input" in: sky130A_mr.drc:245
    Polygons (raw): 581340 (flat)  1659 (hierarchical)
    Elapsed: 0.120s  Memory: 2273.00M
"input" in: sky130A_mr.drc:246
    Polygons (raw): 552321 (flat)  1474 (hierarchical)
    Elapsed: 0.120s  Memory: 2273.00M
"input" in: sky130A_mr.drc:247
    Polygons (raw): 497119 (flat)  1160 (hierarchical)
    Elapsed: 0.130s  Memory: 2273.00M
"input" in: sky130A_mr.drc:252
    Polygons (raw): 474107 (flat)  1060 (hierarchical)
    Elapsed: 0.190s  Memory: 2278.00M
START: 64/20 (nwell)
"width" in: sky130A_mr.drc:256
    Edge pairs: 0 (flat)  0 (hierarchical)
    Elapsed: 10.640s  Memory: 2387.00M
"output" in: sky130A_mr.drc:256
    Edge pairs: 0 (flat)  0 (hierarchical)
    Elapsed: 0.010s  Memory: 2387.00M
"space" in: sky130A_mr.drc:257
    Edge pairs: 0 (flat)  0 (hierarchical)
    Elapsed: 40.030s  Memory: 4593.00M
"output" in: sky130A_mr.drc:257
    Edge pairs: 0 (flat)  0 (hierarchical)
    Elapsed: 0.010s  Memory: 4593.00M
"and" in: sky130A_mr.drc:258
    Polygons (raw): 474107 (flat)  1739 (hierarchical)
    Elapsed: 50.690s  Memory: 4721.00M
"merge" in: sky130A_mr.drc:258
    Polygons (raw): 2444 (flat)  839 (hierarchical)
    Elapsed: 10.530s  Memory: 4722.00M
"holes" in: sky130A_mr.drc:259
    Polygons (raw): 362 (flat)  23 (hierarchical)
    Elapsed: 0.010s  Memory: 4722.00M
"enclosing" in: sky130A_mr.drc:259
    Edge pairs: 0 (flat)  0 (hierarchical)
    Elapsed: 0.030s  Memory: 4594.00M
"output" in: sky130A_mr.drc:259
    Edge pairs: 0 (flat)  0 (hierarchical)
    Elapsed: 0.000s  Memory: 4594.00M
END: 64/20 (nwell)
START: 78/44 (hvtp)
"width" in: sky130A_mr.drc:264
    Edge pairs: 0 (flat)  0 (hierarchical)
    Elapsed: 9.940s  Memory: 4594.00M
"output" in: sky130A_mr.drc:264
    Edge pairs: 0 (flat)  0 (hierarchical)
    Elapsed: 0.020s  Memory: 4594.00M
"space" in: sky130A_mr.drc:265
    Edge pairs: 0 (flat)  0 (hierarchical)
    Elapsed: 20.760s  Memory: 4594.00M
"output" in: sky130A_mr.drc:265
    Edge pairs: 0 (flat)  0 (hierarchical)
    Elapsed: 0.010s  Memory: 4594.00M
END: 78/44 (hvtp)
START: 18/20 (htvr)
"width" in: sky130A_mr.drc:270
    Edge pairs: 0 (flat)  0 (hierarchical)
    Elapsed: 0.000s  Memory: 4594.00M
"output" in: sky130A_mr.drc:270
    Edge pairs: 0 (flat)  0 (hierarchical)
    Elapsed: 0.000s  Memory: 4594.00M
"separation" in: sky130A_mr.drc:271
    Edge pairs: 0 (flat)  0 (hierarchical)
    Elapsed: 0.000s  Memory: 4594.00M
"output" in: sky130A_mr.drc:271
    Edge pairs: 0 (flat)  0 (hierarchical)
    Elapsed: 0.000s  Memory: 4594.00M
"and" in: sky130A_mr.drc:272
    Polygons (raw): 0 (flat)  0 (hierarchical)
    Elapsed: 0.000s  Memory: 4594.00M
"output" in: sky130A_mr.drc:272
    Polygons (raw): 0 (flat)  0 (hierarchical)
    Elapsed: 0.010s  Memory: 4594.00M
END: 18/20 (htvr)
START: 25/44 (lvtn)
"width" in: sky130A_mr.drc:277
    Edge pairs: 0 (flat)  0 (hierarchical)
    Elapsed: 0.150s  Memory: 4594.00M
"output" in: sky130A_mr.drc:277
    Edge pairs: 0 (flat)  0 (hierarchical)
    Elapsed: 0.000s  Memory: 4594.00M
"space" in: sky130A_mr.drc:278
    Edge pairs: 0 (flat)  0 (hierarchical)
    Elapsed: 0.050s  Memory: 4594.00M
"output" in: sky130A_mr.drc:278
    Edge pairs: 0 (flat)  0 (hierarchical)
    Elapsed: 0.000s  Memory: 4594.00M
END: 25/44 (lvtn)
START: 92/44 (ncm)
"width" in: sky130A_mr.drc:283
    Edge pairs: 0 (flat)  0 (hierarchical)
    Elapsed: 0.000s  Memory: 4594.00M
"output" in: sky130A_mr.drc:283
    Edge pairs: 0 (flat)  0 (hierarchical)
    Elapsed: 0.010s  Memory: 4594.00M
"space" in: sky130A_mr.drc:284
    Edge pairs: 0 (flat)  0 (hierarchical)
    Elapsed: 0.000s  Memory: 4594.00M
"output" in: sky130A_mr.drc:284
    Edge pairs: 0 (flat)  0 (hierarchical)
    Elapsed: 0.000s  Memory: 4594.00M
END: 92/44 (ncm)
START: 65/20 (diff)
"or" in: sky130A_mr.drc:289
    Polygons (raw): 696762 (flat)  2140 (hierarchical)
    Elapsed: 9.080s  Memory: 4594.00M
"rectangles" in: sky130A_mr.drc:290
    Polygons (raw): 523293 (flat)  2135 (hierarchical)
    Elapsed: 7.820s  Memory: 4594.00M
"width" in: sky130A_mr.drc:290
    Edge pairs: 0 (flat)  0 (hierarchical)
    Elapsed: 0.010s  Memory: 4594.00M
"polygons" in: sky130A_mr.drc:290
    Polygons (raw): 0 (flat)  0 (hierarchical)
    Elapsed: 0.000s  Memory: 4594.00M
"edges" in: sky130A_mr.drc:291
    Edges: 0 (flat)  0 (hierarchical)
    Elapsed: 0.000s  Memory: 4594.00M
"outside_part" in: sky130A_mr.drc:291
    Edges: 0 (flat)  0 (hierarchical)
    Elapsed: 0.010s  Memory: 4594.00M
"outside" in: sky130A_mr.drc:291
    Polygons (raw): 0 (flat)  0 (hierarchical)
    Elapsed: 0.000s  Memory: 4594.00M
"edges" in: sky130A_mr.drc:291
    Edges: 0 (flat)  0 (hierarchical)
    Elapsed: 0.000s  Memory: 4594.00M
"not" in: sky130A_mr.drc:291
    Edges: 0 (flat)  0 (hierarchical)
    Elapsed: 0.000s  Memory: 4594.00M
"output" in: sky130A_mr.drc:292
    Edges: 0 (flat)  0 (hierarchical)
    Elapsed: 0.000s  Memory: 4594.00M
"outside" in: sky130A_mr.drc:293
    Polygons (raw): 916818 (flat)  3837 (hierarchical)
    Elapsed: 0.000s  Memory: 4594.00M
"width" in: sky130A_mr.drc:293
    Edge pairs: 0 (flat)  0 (hierarchical)
    Elapsed: 0.000s  Memory: 4594.00M
"output" in: sky130A_mr.drc:293
    Edge pairs: 0 (flat)  0 (hierarchical)
    Elapsed: 0.000s  Memory: 4594.00M
END: 65/20 (diff)
START: 65/44 (tap)
"rectangles" in: sky130A_mr.drc:297
    Polygons (raw): 88693 (flat)  224 (hierarchical)
    Elapsed: 0.780s  Memory: 4594.00M
"width" in: sky130A_mr.drc:297
    Edge pairs: 0 (flat)  0 (hierarchical)
    Elapsed: 0.140s  Memory: 4594.00M
"polygons" in: sky130A_mr.drc:297
    Polygons (raw): 0 (flat)  0 (hierarchical)
    Elapsed: 0.010s  Memory: 4594.00M
"edges" in: sky130A_mr.drc:298
    Edges: 0 (flat)  0 (hierarchical)
    Elapsed: 0.000s  Memory: 4594.00M
"outside_part" in: sky130A_mr.drc:298
    Edges: 0 (flat)  0 (hierarchical)
    Elapsed: 0.000s  Memory: 4594.00M
"outside" in: sky130A_mr.drc:298
    Polygons (raw): 0 (flat)  0 (hierarchical)
    Elapsed: 0.000s  Memory: 4594.00M
"edges" in: sky130A_mr.drc:298
    Edges: 0 (flat)  0 (hierarchical)
    Elapsed: 0.000s  Memory: 4594.00M
"not" in: sky130A_mr.drc:298
    Edges: 0 (flat)  0 (hierarchical)
    Elapsed: 0.000s  Memory: 4594.00M
"output" in: sky130A_mr.drc:299
    Edges: 0 (flat)  0 (hierarchical)
    Elapsed: 0.000s  Memory: 4594.00M
"not" in: sky130A_mr.drc:300
    Polygons (raw): 108725 (flat)  1002 (hierarchical)
    Elapsed: 0.000s  Memory: 4594.00M
"width" in: sky130A_mr.drc:300
    Edge pairs: 0 (flat)  0 (hierarchical)
    Elapsed: 0.000s  Memory: 4594.00M
"output" in: sky130A_mr.drc:300
    Edge pairs: 0 (flat)  0 (hierarchical)
    Elapsed: 0.000s  Memory: 4594.00M
END: 65/44 (tap)
"space" in: sky130A_mr.drc:303
    Edge pairs: 0 (flat)  0 (hierarchical)
    Elapsed: 71.290s  Memory: 4609.00M
"output" in: sky130A_mr.drc:303
    Edge pairs: 0 (flat)  0 (hierarchical)
    Elapsed: 0.130s  Memory: 4609.00M
START: 80/20 (tunm)
"width" in: sky130A_mr.drc:307
    Edge pairs: 0 (flat)  0 (hierarchical)
    Elapsed: 0.000s  Memory: 4609.00M
"output" in: sky130A_mr.drc:307
    Edge pairs: 0 (flat)  0 (hierarchical)
    Elapsed: 0.000s  Memory: 4609.00M
"space" in: sky130A_mr.drc:308
    Edge pairs: 0 (flat)  0 (hierarchical)
    Elapsed: 0.000s  Memory: 4609.00M
"output" in: sky130A_mr.drc:308
    Edge pairs: 0 (flat)  0 (hierarchical)
    Elapsed: 0.000s  Memory: 4609.00M
END: 80/20 (tunm)
START: 66/20 (poly)
"width" in: sky130A_mr.drc:313
    Edge pairs: 0 (flat)  0 (hierarchical)
    Elapsed: 3.050s  Memory: 4609.00M
"output" in: sky130A_mr.drc:313
    Edge pairs: 0 (flat)  0 (hierarchical)
    Elapsed: 0.010s  Memory: 4609.00M
"not" in: sky130A_mr.drc:314
    Polygons (raw): 1311507 (flat)  8728 (hierarchical)
    Elapsed: 0.010s  Memory: 4609.00M
"space" in: sky130A_mr.drc:314
    Edge pairs: 0 (flat)  0 (hierarchical)
    Elapsed: 2.100s  Memory: 4609.00M
"output" in: sky130A_mr.drc:314
    Edge pairs: 0 (flat)  0 (hierarchical)
    Elapsed: 0.130s  Memory: 4609.00M
START: 86/20 (rpm)
"width" in: sky130A_mr.drc:319
    Edge pairs: 0 (flat)  0 (hierarchical)
    Elapsed: 0.000s  Memory: 4609.00M
"output" in: sky130A_mr.drc:319
    Edge pairs: 0 (flat)  0 (hierarchical)
    Elapsed: 0.000s  Memory: 4609.00M
"space" in: sky130A_mr.drc:320
    Edge pairs: 0 (flat)  0 (hierarchical)
    Elapsed: 0.000s  Memory: 4609.00M
"output" in: sky130A_mr.drc:320
    Edge pairs: 0 (flat)  0 (hierarchical)
    Elapsed: 0.000s  Memory: 4609.00M
END: 86/20 (rpm)
START: 79/20 (urpm)
"width" in: sky130A_mr.drc:325
    Edge pairs: 0 (flat)  0 (hierarchical)
    Elapsed: 0.140s  Memory: 4609.00M
"output" in: sky130A_mr.drc:325
    Edge pairs: 0 (flat)  0 (hierarchical)
    Elapsed: 0.000s  Memory: 4609.00M
"space" in: sky130A_mr.drc:326
    Edge pairs: 0 (flat)  0 (hierarchical)
    Elapsed: 0.020s  Memory: 4609.00M
"output" in: sky130A_mr.drc:326
    Edge pairs: 0 (flat)  0 (hierarchical)
    Elapsed: 0.000s  Memory: 4609.00M
END: 79/20 (urpm)
START: 95/20 (npc)
"width" in: sky130A_mr.drc:331
    Edge pairs: 0 (flat)  0 (hierarchical)
    Elapsed: 5.140s  Memory: 4609.00M
"output" in: sky130A_mr.drc:331
    Edge pairs: 0 (flat)  0 (hierarchical)
    Elapsed: 0.010s  Memory: 4609.00M
"space" in: sky130A_mr.drc:332
    Edge pairs: 0 (flat)  0 (hierarchical)
    Elapsed: 2.700s  Memory: 4609.00M
"output" in: sky130A_mr.drc:332
    Edge pairs: 0 (flat)  0 (hierarchical)
    Elapsed: 0.010s  Memory: 4609.00M
END: 95/20 (npc)
START: 93/44 (nsdm)
"outside" in: sky130A_mr.drc:337
    Polygons (raw): 581340 (flat)  1659 (hierarchical)
    Elapsed: 0.000s  Memory: 4609.00M
"width" in: sky130A_mr.drc:337
    Edge pairs: 0 (flat)  0 (hierarchical)
    Elapsed: 10.840s  Memory: 4609.00M
"output" in: sky130A_mr.drc:337
    Edge pairs: 0 (flat)  0 (hierarchical)
    Elapsed: 0.140s  Memory: 4609.00M
"not" in: sky130A_mr.drc:338
    Polygons (raw): 581340 (flat)  1659 (hierarchical)
    Elapsed: 0.000s  Memory: 4609.00M
"space" in: sky130A_mr.drc:338
    Edge pairs: 0 (flat)  0 (hierarchical)
    Elapsed: 24.270s  Memory: 4673.00M
"output" in: sky130A_mr.drc:338
    Edge pairs: 0 (flat)  0 (hierarchical)
    Elapsed: 0.140s  Memory: 4673.00M
END: 93/44 (nsdm)
START: 94/20 (psdm)
"outside" in: sky130A_mr.drc:343
    Polygons (raw): 552321 (flat)  1474 (hierarchical)
    Elapsed: 0.010s  Memory: 4673.00M
"width" in: sky130A_mr.drc:343
    Edge pairs: 0 (flat)  0 (hierarchical)
    Elapsed: 12.320s  Memory: 4673.00M
"output" in: sky130A_mr.drc:343
    Edge pairs: 0 (flat)  0 (hierarchical)
    Elapsed: 0.140s  Memory: 4673.00M
"not" in: sky130A_mr.drc:344
    Polygons (raw): 552321 (flat)  1474 (hierarchical)
    Elapsed: 0.010s  Memory: 4673.00M
"space" in: sky130A_mr.drc:344
    Edge pairs: 0 (flat)  0 (hierarchical)
    Elapsed: 27.900s  Memory: 4801.00M
"output" in: sky130A_mr.drc:344
    Edge pairs: 0 (flat)  0 (hierarchical)
    Elapsed: 0.140s  Memory: 4801.00M
END: 94/20 (psdm)
START: 66/44 (licon)
"not" in: sky130A_mr.drc:355
    Polygons (raw): 2231615 (flat)  12743 (hierarchical)
    Elapsed: 30.730s  Memory: 4993.00M
"and" in: sky130A_mr.drc:356
    Polygons (raw): 6052416 (flat)  140788 (hierarchical)
    Elapsed: 3.990s  Memory: 4865.00M
"interacting" in: sky130A_mr.drc:356
    Polygons (raw): 5940887 (flat)  148770 (hierarchical)
    Elapsed: 10.340s  Memory: 4826.00M
"not" in: sky130A_mr.drc:357
    Polygons (raw): 5940887 (flat)  148770 (hierarchical)
    Elapsed: 0.150s  Memory: 4826.00M
"non_rectangles" in: sky130A_mr.drc:358
    Polygons (raw): 0 (flat)  0 (hierarchical)
    Elapsed: 0.060s  Memory: 4826.00M
"output" in: sky130A_mr.drc:358
    Polygons (raw): 0 (flat)  0 (hierarchical)
    Elapsed: 0.000s  Memory: 4826.00M
"or" in: sky130A_mr.drc:359
    Polygons (raw): 1 (flat)  1 (hierarchical)
    Elapsed: 0.010s  Memory: 4826.00M
"not" in: sky130A_mr.drc:359
    Polygons (raw): 7142040 (flat)  156080 (hierarchical)
    Elapsed: 0.680s  Memory: 4826.00M
"edges" in: sky130A_mr.drc:359
    Edges: 28568160 (flat)  624320 (hierarchical)
    Elapsed: 3.960s  Memory: 4826.00M
"without_length" in: sky130A_mr.drc:359
    Edges: 0 (flat)  0 (hierarchical)
    Elapsed: 9.950s  Memory: 5070.00M
"output" in: sky130A_mr.drc:359
    Edges: 0 (flat)  0 (hierarchical)
    Elapsed: 0.150s  Memory: 5070.00M
"separation" in: sky130A_mr.drc:360
    Edge pairs: 0 (flat)  0 (hierarchical)
    Elapsed: 2.080s  Memory: 5070.00M
"output" in: sky130A_mr.drc:360
    Edge pairs: 0 (flat)  0 (hierarchical)
    Elapsed: 0.010s  Memory: 5070.00M
"and" in: sky130A_mr.drc:361
    Polygons (raw): 0 (flat)  0 (hierarchical)
    Elapsed: 2.050s  Memory: 5070.00M
"output" in: sky130A_mr.drc:361
    Polygons (raw): 0 (flat)  0 (hierarchical)
    Elapsed: 0.010s  Memory: 5070.00M
"interacting" in: sky130A_mr.drc:362
    Polygons (raw): 1086894 (flat)  15617 (hierarchical)
    Elapsed: 2.430s  Memory: 5070.00M
"interacting" in: sky130A_mr.drc:362
    Polygons (raw): 5940887 (flat)  148770 (hierarchical)
    Elapsed: 408.330s  Memory: 5070.00M
"and" in: sky130A_mr.drc:362
    Polygons (raw): 0 (flat)  0 (hierarchical)
    Elapsed: 2.070s  Memory: 5070.00M
"output" in: sky130A_mr.drc:362
    Polygons (raw): 0 (flat)  0 (hierarchical)
    Elapsed: 0.140s  Memory: 5070.00M
END: 66/44 (licon)
START: 89/44 (capm)
"width" in: sky130A_mr.drc:367
    Edge pairs: 0 (flat)  0 (hierarchical)
    Elapsed: 0.150s  Memory: 5070.00M
"output" in: sky130A_mr.drc:367
    Edge pairs: 0 (flat)  0 (hierarchical)
    Elapsed: 0.000s  Memory: 5070.00M
"space" in: sky130A_mr.drc:368
    Edge pairs: 0 (flat)  0 (hierarchical)
    Elapsed: 0.020s  Memory: 5070.00M
"output" in: sky130A_mr.drc:368
    Edge pairs: 0 (flat)  0 (hierarchical)
    Elapsed: 0.000s  Memory: 5070.00M
"interacting" in: sky130A_mr.drc:369
    Polygons (raw): 1 (flat)  1 (hierarchical)
    Elapsed: 2.180s  Memory: 5070.00M
"isolated" in: sky130A_mr.drc:369
    Edge pairs: 0 (flat)  0 (hierarchical)
    Elapsed: 0.030s  Memory: 5070.00M
"output" in: sky130A_mr.drc:369
    Edge pairs: 0 (flat)  0 (hierarchical)
    Elapsed: 0.000s  Memory: 5070.00M
"interacting" in: sky130A_mr.drc:370
    Polygons (raw): 1 (flat)  1 (hierarchical)
    Elapsed: 0.130s  Memory: 5070.00M
"isolated" in: sky130A_mr.drc:370
    Edge pairs: 0 (flat)  0 (hierarchical)
    Elapsed: 0.020s  Memory: 5070.00M
"output" in: sky130A_mr.drc:370
    Edge pairs: 0 (flat)  0 (hierarchical)
    Elapsed: 0.000s  Memory: 5070.00M
"and" in: sky130A_mr.drc:371
    Polygons (raw): 1 (flat)  1 (hierarchical)
    Elapsed: 0.030s  Memory: 5070.00M
"enclosing" in: sky130A_mr.drc:371
    Edge pairs: 0 (flat)  0 (hierarchical)
    Elapsed: 0.170s  Memory: 5070.00M
"output" in: sky130A_mr.drc:371
    Edge pairs: 0 (flat)  0 (hierarchical)
    Elapsed: 0.000s  Memory: 5070.00M
"enclosing" in: sky130A_mr.drc:372
    Edge pairs: 0 (flat)  0 (hierarchical)
    Elapsed: 0.130s  Memory: 5070.00M
"output" in: sky130A_mr.drc:372
    Edge pairs: 0 (flat)  0 (hierarchical)
    Elapsed: 0.020s  Memory: 5070.00M
"enclosing" in: sky130A_mr.drc:373
    Edge pairs: 0 (flat)  0 (hierarchical)
    Elapsed: 0.020s  Memory: 5070.00M
"output" in: sky130A_mr.drc:373
    Edge pairs: 0 (flat)  0 (hierarchical)
    Elapsed: 0.000s  Memory: 5070.00M
"separation" in: sky130A_mr.drc:374
    Edge pairs: 0 (flat)  0 (hierarchical)
    Elapsed: 0.020s  Memory: 5070.00M
"output" in: sky130A_mr.drc:374
    Edge pairs: 0 (flat)  0 (hierarchical)
    Elapsed: 0.000s  Memory: 5070.00M
"not_interacting" in: sky130A_mr.drc:375
    Polygons (raw): 70995 (flat)  62347 (hierarchical)
    Elapsed: 0.600s  Memory: 5070.00M
"separation" in: sky130A_mr.drc:375
    Edge pairs: 0 (flat)  0 (hierarchical)
    Elapsed: 0.130s  Memory: 5070.00M
"output" in: sky130A_mr.drc:375
    Edge pairs: 0 (flat)  0 (hierarchical)
    Elapsed: 0.000s  Memory: 5070.00M
END: 89/44 (capm)
START: 97/44 (cap2m)
"width" in: sky130A_mr.drc:380
    Edge pairs: 0 (flat)  0 (hierarchical)
    Elapsed: 0.150s  Memory: 5070.00M
"output" in: sky130A_mr.drc:380
    Edge pairs: 0 (flat)  0 (hierarchical)
    Elapsed: 0.000s  Memory: 5070.00M
"space" in: sky130A_mr.drc:381
    Edge pairs: 0 (flat)  0 (hierarchical)
    Elapsed: 0.020s  Memory: 5070.00M
"output" in: sky130A_mr.drc:381
    Edge pairs: 0 (flat)  0 (hierarchical)
    Elapsed: 0.000s  Memory: 5070.00M
"interacting" in: sky130A_mr.drc:382
    Polygons (raw): 1 (flat)  1 (hierarchical)
    Elapsed: 0.850s  Memory: 5070.00M
"isolated" in: sky130A_mr.drc:382
    Edge pairs: 0 (flat)  0 (hierarchical)
    Elapsed: 0.110s  Memory: 5070.00M
"output" in: sky130A_mr.drc:382
    Edge pairs: 0 (flat)  0 (hierarchical)
    Elapsed: 0.000s  Memory: 5070.00M
"interacting" in: sky130A_mr.drc:383
    Polygons (raw): 1 (flat)  1 (hierarchical)
    Elapsed: 0.130s  Memory: 5070.00M
"isolated" in: sky130A_mr.drc:383
    Edge pairs: 0 (flat)  0 (hierarchical)
    Elapsed: 0.020s  Memory: 5070.00M
"output" in: sky130A_mr.drc:383
    Edge pairs: 0 (flat)  0 (hierarchical)
    Elapsed: 0.000s  Memory: 5070.00M
"and" in: sky130A_mr.drc:384
    Polygons (raw): 1 (flat)  1 (hierarchical)
    Elapsed: 0.020s  Memory: 5070.00M
"enclosing" in: sky130A_mr.drc:384
    Edge pairs: 0 (flat)  0 (hierarchical)
    Elapsed: 0.190s  Memory: 5070.00M
"output" in: sky130A_mr.drc:384
    Edge pairs: 0 (flat)  0 (hierarchical)
    Elapsed: 0.020s  Memory: 5070.00M
"enclosing" in: sky130A_mr.drc:385
    Edge pairs: 0 (flat)  0 (hierarchical)
    Elapsed: 0.110s  Memory: 5070.00M
"output" in: sky130A_mr.drc:385
    Edge pairs: 0 (flat)  0 (hierarchical)
    Elapsed: 0.000s  Memory: 5070.00M
"enclosing" in: sky130A_mr.drc:386
    Edge pairs: 0 (flat)  0 (hierarchical)
    Elapsed: 0.020s  Memory: 5070.00M
"output" in: sky130A_mr.drc:386
    Edge pairs: 0 (flat)  0 (hierarchical)
    Elapsed: 0.000s  Memory: 5070.00M
"separation" in: sky130A_mr.drc:387
    Edge pairs: 0 (flat)  0 (hierarchical)
    Elapsed: 0.020s  Memory: 5070.00M
"output" in: sky130A_mr.drc:387
    Edge pairs: 0 (flat)  0 (hierarchical)
    Elapsed: 0.010s  Memory: 5070.00M
"not_interacting" in: sky130A_mr.drc:388
    Polygons (raw): 7566 (flat)  5733 (hierarchical)
    Elapsed: 0.290s  Memory: 5070.00M
"separation" in: sky130A_mr.drc:388
    Edge pairs: 0 (flat)  0 (hierarchical)
    Elapsed: 0.120s  Memory: 5070.00M
"output" in: sky130A_mr.drc:388
    Edge pairs: 0 (flat)  0 (hierarchical)
    Elapsed: 0.000s  Memory: 5070.00M
END: 97/44 (cap2m)
FEOL section
START: 75/20 (hvi)
"not" in: sky130A_mr.drc:688
    Polygons (raw): 54311 (flat)  575 (hierarchical)
    Elapsed: 0.000s  Memory: 5070.00M
"width" in: sky130A_mr.drc:689
    Edge pairs: 0 (flat)  0 (hierarchical)
    Elapsed: 0.200s  Memory: 5070.00M
"output" in: sky130A_mr.drc:689
    Edge pairs: 0 (flat)  0 (hierarchical)
    Elapsed: 0.000s  Memory: 5070.00M
"space" in: sky130A_mr.drc:690
    Edge pairs: 0 (flat)  0 (hierarchical)
    Elapsed: 0.320s  Memory: 5070.00M
"output" in: sky130A_mr.drc:690
    Edge pairs: 0 (flat)  0 (hierarchical)
    Elapsed: 0.090s  Memory: 5070.00M
END: 75/20 (hvi)
START: 125/20 (hvntm)
"not" in: sky130A_mr.drc:695
    Polygons (raw): 33 (flat)  16 (hierarchical)
    Elapsed: 0.000s  Memory: 5070.00M
"width" in: sky130A_mr.drc:696
    Edge pairs: 0 (flat)  0 (hierarchical)
    Elapsed: 0.150s  Memory: 5070.00M
"output" in: sky130A_mr.drc:696
    Edge pairs: 0 (flat)  0 (hierarchical)
    Elapsed: 0.000s  Memory: 5070.00M
"space" in: sky130A_mr.drc:697
    Edge pairs: 0 (flat)  0 (hierarchical)
    Elapsed: 0.030s  Memory: 5070.00M
"output" in: sky130A_mr.drc:697
    Edge pairs: 0 (flat)  0 (hierarchical)
    Elapsed: 0.000s  Memory: 5070.00M
END: 125/20 (hvntm)
Writing report database: /mnt/uffs/user/u9715_ashabar/design/testasynctrimux-mpw8/jobs/tapeout/698f2180-e411-43b6-94f1-e21e719a34aa/outputs/klayout_feol_report.xml ..
Total elapsed: 835.970s  Memory: 5054.00M
 
Cell exclusion list:
   rule    | cell
   nwell.6 | sky130_fd_io__gpiov2_amux, sky130_fd_io__simple_pad_and_busses, sram
   nsd.1   | sram
   nsd.2   | sram
   psd.1   | sram
   psd.2   | sram
 
release 2022.6.30_01.07
