/opt/scripts/tech/sky130A_mr.drc:50: warning: already initialized constant DRC::DRCEngine::FEOL
/opt/scripts/tech/sky130A_mr.drc:40: warning: previous definition of FEOL was here
/opt/scripts/tech/sky130A_mr.drc:54: warning: already initialized constant DRC::DRCEngine::BEOL
/opt/scripts/tech/sky130A_mr.drc:41: warning: previous definition of BEOL was here
/opt/scripts/tech/sky130A_mr.drc:62: warning: already initialized constant DRC::DRCEngine::OFFGRID
/opt/scripts/tech/sky130A_mr.drc:42: warning: previous definition of OFFGRID was here
/opt/scripts/tech/sky130A_mr.drc:68: warning: already initialized constant DRC::DRCEngine::SEAL
/opt/scripts/tech/sky130A_mr.drc:43: warning: previous definition of SEAL was here
/opt/scripts/tech/sky130A_mr.drc:74: warning: already initialized constant DRC::DRCEngine::FLOATING_MET
/opt/scripts/tech/sky130A_mr.drc:44: warning: previous definition of FLOATING_MET was here
"input" in: sky130A_mr.drc:124
    Polygons (raw): 916818 (flat)  3837 (hierarchical)
    Elapsed: 0.210s  Memory: 2156.00M
"polygons" in: sky130A_mr.drc:125
    Polygons (raw): 108725 (flat)  1002 (hierarchical)
    Elapsed: 0.140s  Memory: 2156.00M
"polygons" in: sky130A_mr.drc:126
    Polygons (raw): 497119 (flat)  1160 (hierarchical)
    Elapsed: 0.130s  Memory: 2156.00M
"polygons" in: sky130A_mr.drc:127
    Polygons (raw): 853 (flat)  36 (hierarchical)
    Elapsed: 0.000s  Memory: 2156.00M
"polygons" in: sky130A_mr.drc:128
    Polygons (raw): 0 (flat)  0 (hierarchical)
    Elapsed: 0.000s  Memory: 2156.00M
"polygons" in: sky130A_mr.drc:129
    Polygons (raw): 0 (flat)  0 (hierarchical)
    Elapsed: 0.000s  Memory: 2156.00M
"polygons" in: sky130A_mr.drc:130
    Polygons (raw): 0 (flat)  0 (hierarchical)
    Elapsed: 0.000s  Memory: 2156.00M
"polygons" in: sky130A_mr.drc:131
    Polygons (raw): 0 (flat)  0 (hierarchical)
    Elapsed: 0.000s  Memory: 2156.00M
"polygons" in: sky130A_mr.drc:132
    Polygons (raw): 396865 (flat)  468 (hierarchical)
    Elapsed: 0.120s  Memory: 2156.00M
"polygons" in: sky130A_mr.drc:133
    Polygons (raw): 0 (flat)  0 (hierarchical)
    Elapsed: 0.010s  Memory: 2156.00M
"polygons" in: sky130A_mr.drc:134
    Polygons (raw): 54311 (flat)  575 (hierarchical)
    Elapsed: 0.020s  Memory: 2156.00M
"polygons" in: sky130A_mr.drc:135
    Polygons (raw): 0 (flat)  0 (hierarchical)
    Elapsed: 0.000s  Memory: 2156.00M
"polygons" in: sky130A_mr.drc:136
    Polygons (raw): 5945 (flat)  38 (hierarchical)
    Elapsed: 0.000s  Memory: 2156.00M
"polygons" in: sky130A_mr.drc:137
    Polygons (raw): 1311507 (flat)  8728 (hierarchical)
    Elapsed: 0.150s  Memory: 2156.00M
"polygons" in: sky130A_mr.drc:138
    Polygons (raw): 33 (flat)  16 (hierarchical)
    Elapsed: 0.020s  Memory: 2156.00M
"polygons" in: sky130A_mr.drc:139
    Polygons (raw): 581340 (flat)  1659 (hierarchical)
    Elapsed: 0.120s  Memory: 2156.00M
"polygons" in: sky130A_mr.drc:140
    Polygons (raw): 552321 (flat)  1474 (hierarchical)
    Elapsed: 0.130s  Memory: 2156.00M
"polygons" in: sky130A_mr.drc:141
    Polygons (raw): 0 (flat)  0 (hierarchical)
    Elapsed: 0.000s  Memory: 2156.00M
"polygons" in: sky130A_mr.drc:142
    Polygons (raw): 1 (flat)  1 (hierarchical)
    Elapsed: 0.000s  Memory: 2156.00M
"polygons" in: sky130A_mr.drc:143
    Polygons (raw): 281898 (flat)  2063 (hierarchical)
    Elapsed: 0.130s  Memory: 2156.00M
"polygons" in: sky130A_mr.drc:144
    Polygons (raw): 7142096 (flat)  156136 (hierarchical)
    Elapsed: 0.220s  Memory: 2159.00M
"polygons" in: sky130A_mr.drc:146
    Polygons (raw): 2979695 (flat)  297028 (hierarchical)
    Elapsed: 0.320s  Memory: 2167.00M
"polygons" in: sky130A_mr.drc:147
    Polygons (raw): 6711261 (flat)  446772 (hierarchical)
    Elapsed: 0.400s  Memory: 2177.00M
"polygons" in: sky130A_mr.drc:149
    Polygons (raw): 3111314 (flat)  1706861 (hierarchical)
    Elapsed: 1.200s  Memory: 2214.00M
"polygons" in: sky130A_mr.drc:150
    Polygons (raw): 1306209 (flat)  568387 (hierarchical)
    Elapsed: 0.510s  Memory: 2224.00M
"polygons" in: sky130A_mr.drc:152
    Polygons (raw): 1173942 (flat)  903172 (hierarchical)
    Elapsed: 0.750s  Memory: 2246.00M
"polygons" in: sky130A_mr.drc:153
    Polygons (raw): 865799 (flat)  206386 (hierarchical)
    Elapsed: 0.280s  Memory: 2249.00M
"polygons" in: sky130A_mr.drc:155
    Polygons (raw): 318280 (flat)  275513 (hierarchical)
    Elapsed: 0.310s  Memory: 2257.00M
"polygons" in: sky130A_mr.drc:156
    Polygons (raw): 756880 (flat)  199813 (hierarchical)
    Elapsed: 0.270s  Memory: 2260.00M
"polygons" in: sky130A_mr.drc:158
    Polygons (raw): 79548 (flat)  19735 (hierarchical)
    Elapsed: 0.150s  Memory: 2260.00M
"polygons" in: sky130A_mr.drc:159
    Polygons (raw): 247856 (flat)  31806 (hierarchical)
    Elapsed: 0.120s  Memory: 2260.00M
"polygons" in: sky130A_mr.drc:161
    Polygons (raw): 27019 (flat)  2518 (hierarchical)
    Elapsed: 0.090s  Memory: 2260.00M
"polygons" in: sky130A_mr.drc:163
    Polygons (raw): 107 (flat)  1 (hierarchical)
    Elapsed: 0.000s  Memory: 2260.00M
"polygons" in: sky130A_mr.drc:164
    Polygons (raw): 36 (flat)  9 (hierarchical)
    Elapsed: 0.000s  Memory: 2260.00M
"polygons" in: sky130A_mr.drc:165
    Polygons (raw): 1 (flat)  1 (hierarchical)
    Elapsed: 0.000s  Memory: 2260.00M
"polygons" in: sky130A_mr.drc:166
    Polygons (raw): 1 (flat)  1 (hierarchical)
    Elapsed: 0.000s  Memory: 2260.00M
"polygons" in: sky130A_mr.drc:167
    Polygons (raw): 0 (flat)  0 (hierarchical)
    Elapsed: 0.010s  Memory: 2260.00M
"polygons" in: sky130A_mr.drc:168
    Polygons (raw): 0 (flat)  0 (hierarchical)
    Elapsed: 0.000s  Memory: 2260.00M
"polygons" in: sky130A_mr.drc:169
    Polygons (raw): 0 (flat)  0 (hierarchical)
    Elapsed: 0.010s  Memory: 2260.00M
"polygons" in: sky130A_mr.drc:170
    Polygons (raw): 0 (flat)  0 (hierarchical)
    Elapsed: 0.000s  Memory: 2260.00M
"polygons" in: sky130A_mr.drc:171
    Polygons (raw): 0 (flat)  0 (hierarchical)
    Elapsed: 0.000s  Memory: 2260.00M
"polygons" in: sky130A_mr.drc:172
    Polygons (raw): 0 (flat)  0 (hierarchical)
    Elapsed: 0.000s  Memory: 2260.00M
"polygons" in: sky130A_mr.drc:173
    Polygons (raw): 0 (flat)  0 (hierarchical)
    Elapsed: 0.000s  Memory: 2260.00M
"polygons" in: sky130A_mr.drc:174
    Polygons (raw): 0 (flat)  0 (hierarchical)
    Elapsed: 0.000s  Memory: 2260.00M
"polygons" in: sky130A_mr.drc:175
    Polygons (raw): 107 (flat)  1 (hierarchical)
    Elapsed: 0.000s  Memory: 2260.00M
"polygons" in: sky130A_mr.drc:176
    Polygons (raw): 0 (flat)  0 (hierarchical)
    Elapsed: 0.000s  Memory: 2260.00M
"polygons" in: sky130A_mr.drc:177
    Polygons (raw): 24 (flat)  6 (hierarchical)
    Elapsed: 0.000s  Memory: 2260.00M
"polygons" in: sky130A_mr.drc:178
    Polygons (raw): 0 (flat)  0 (hierarchical)
    Elapsed: 0.000s  Memory: 2260.00M
"polygons" in: sky130A_mr.drc:179
    Polygons (raw): 0 (flat)  0 (hierarchical)
    Elapsed: 0.000s  Memory: 2260.00M
"polygons" in: sky130A_mr.drc:180
    Polygons (raw): 393352 (flat)  454 (hierarchical)
    Elapsed: 0.110s  Memory: 2261.00M
"polygons" in: sky130A_mr.drc:181
    Polygons (raw): 3799 (flat)  133 (hierarchical)
    Elapsed: 0.000s  Memory: 2261.00M
"polygons" in: sky130A_mr.drc:182
    Polygons (raw): 0 (flat)  0 (hierarchical)
    Elapsed: 0.000s  Memory: 2261.00M
"polygons" in: sky130A_mr.drc:183
    Polygons (raw): 2520 (flat)  112 (hierarchical)
    Elapsed: 0.000s  Memory: 2261.00M
"polygons" in: sky130A_mr.drc:184
    Polygons (raw): 0 (flat)  0 (hierarchical)
    Elapsed: 0.000s  Memory: 2261.00M
"polygons" in: sky130A_mr.drc:185
    Polygons (raw): 0 (flat)  0 (hierarchical)
    Elapsed: 0.000s  Memory: 2261.00M
"polygons" in: sky130A_mr.drc:186
    Polygons (raw): 0 (flat)  0 (hierarchical)
    Elapsed: 0.010s  Memory: 2261.00M
"polygons" in: sky130A_mr.drc:187
    Polygons (raw): 0 (flat)  0 (hierarchical)
    Elapsed: 0.000s  Memory: 2261.00M
"polygons" in: sky130A_mr.drc:188
    Polygons (raw): 5 (flat)  5 (hierarchical)
    Elapsed: 0.100s  Memory: 2261.00M
"polygons" in: sky130A_mr.drc:189
    Polygons (raw): 0 (flat)  0 (hierarchical)
    Elapsed: 0.010s  Memory: 2261.00M
"polygons" in: sky130A_mr.drc:190
    Polygons (raw): 0 (flat)  0 (hierarchical)
    Elapsed: 0.000s  Memory: 2261.00M
"polygons" in: sky130A_mr.drc:191
    Polygons (raw): 0 (flat)  0 (hierarchical)
    Elapsed: 0.000s  Memory: 2261.00M
"polygons" in: sky130A_mr.drc:192
    Polygons (raw): 981 (flat)  4 (hierarchical)
    Elapsed: 0.010s  Memory: 2261.00M
"polygons" in: sky130A_mr.drc:193
    Polygons (raw): 67592 (flat)  5 (hierarchical)
    Elapsed: 0.120s  Memory: 2261.00M
"polygons" in: sky130A_mr.drc:194
    Polygons (raw): 0 (flat)  0 (hierarchical)
    Elapsed: 0.000s  Memory: 2261.00M
"polygons" in: sky130A_mr.drc:195
    Polygons (raw): 0 (flat)  0 (hierarchical)
    Elapsed: 0.000s  Memory: 2261.00M
"polygons" in: sky130A_mr.drc:196
    Polygons (raw): 372 (flat)  93 (hierarchical)
    Elapsed: 0.000s  Memory: 2261.00M
"polygons" in: sky130A_mr.drc:197
    Polygons (raw): 8 (flat)  2 (hierarchical)
    Elapsed: 0.000s  Memory: 2261.00M
"polygons" in: sky130A_mr.drc:198
    Polygons (raw): 45 (flat)  8 (hierarchical)
    Elapsed: 0.020s  Memory: 2261.00M
"polygons" in: sky130A_mr.drc:199
    Polygons (raw): 0 (flat)  0 (hierarchical)
    Elapsed: 0.000s  Memory: 2261.00M
"polygons" in: sky130A_mr.drc:200
    Polygons (raw): 0 (flat)  0 (hierarchical)
    Elapsed: 0.000s  Memory: 2261.00M
"polygons" in: sky130A_mr.drc:201
    Polygons (raw): 0 (flat)  0 (hierarchical)
    Elapsed: 0.000s  Memory: 2261.00M
"polygons" in: sky130A_mr.drc:202
    Polygons (raw): 0 (flat)  0 (hierarchical)
    Elapsed: 0.000s  Memory: 2261.00M
"polygons" in: sky130A_mr.drc:203
    Polygons (raw): 0 (flat)  0 (hierarchical)
    Elapsed: 0.000s  Memory: 2261.00M
"polygons" in: sky130A_mr.drc:204
    Polygons (raw): 0 (flat)  0 (hierarchical)
    Elapsed: 0.000s  Memory: 2261.00M
"polygons" in: sky130A_mr.drc:205
    Polygons (raw): 0 (flat)  0 (hierarchical)
    Elapsed: 0.000s  Memory: 2261.00M
"polygons" in: sky130A_mr.drc:206
    Polygons (raw): 0 (flat)  0 (hierarchical)
    Elapsed: 0.000s  Memory: 2261.00M
"polygons" in: sky130A_mr.drc:207
    Polygons (raw): 0 (flat)  0 (hierarchical)
    Elapsed: 0.000s  Memory: 2261.00M
"polygons" in: sky130A_mr.drc:208
    Polygons (raw): 0 (flat)  0 (hierarchical)
    Elapsed: 0.000s  Memory: 2261.00M
"polygons" in: sky130A_mr.drc:209
    Polygons (raw): 0 (flat)  0 (hierarchical)
    Elapsed: 0.000s  Memory: 2261.00M
"polygons" in: sky130A_mr.drc:210
    Polygons (raw): 0 (flat)  0 (hierarchical)
    Elapsed: 0.000s  Memory: 2261.00M
"polygons" in: sky130A_mr.drc:211
    Polygons (raw): 3060 (flat)  202 (hierarchical)
    Elapsed: 0.010s  Memory: 2261.00M
"polygons" in: sky130A_mr.drc:212
    Polygons (raw): 109 (flat)  39 (hierarchical)
    Elapsed: 0.010s  Memory: 2261.00M
"polygons" in: sky130A_mr.drc:213
    Polygons (raw): 0 (flat)  0 (hierarchical)
    Elapsed: 0.000s  Memory: 2261.00M
"polygons" in: sky130A_mr.drc:214
    Polygons (raw): 0 (flat)  0 (hierarchical)
    Elapsed: 0.000s  Memory: 2261.00M
"polygons" in: sky130A_mr.drc:215
    Polygons (raw): 0 (flat)  0 (hierarchical)
    Elapsed: 0.000s  Memory: 2261.00M
DRC section
BEOL section
START: 67/20 (li)
"interacting" in: sky130A_mr.drc:397
    Polygons (raw): 0 (flat)  0 (hierarchical)
    Elapsed: 0.000s  Memory: 2261.00M
"not" in: sky130A_mr.drc:397
    Polygons (raw): 2979695 (flat)  297028 (hierarchical)
    Elapsed: 0.010s  Memory: 2267.00M
"width" in: sky130A_mr.drc:398
    Edge pairs: 0 (flat)  0 (hierarchical)
    Elapsed: 35.810s  Memory: 2605.00M
"output" in: sky130A_mr.drc:398
    Edge pairs: 0 (flat)  0 (hierarchical)
    Elapsed: 0.010s  Memory: 2605.00M
"edges" in: sky130A_mr.drc:400
    Edges: 10395886 (flat)  5717790 (hierarchical)
    Elapsed: 0.570s  Memory: 2696.00M
"space" in: sky130A_mr.drc:400
    Edge pairs: 0 (flat)  0 (hierarchical)
    Elapsed: 32.330s  Memory: 4774.00M
"output" in: sky130A_mr.drc:400
    Edge pairs: 0 (flat)  0 (hierarchical)
    Elapsed: 0.130s  Memory: 4682.00M
"not" in: sky130A_mr.drc:401
    Polygons (raw): 7142096 (flat)  156136 (hierarchical)
    Elapsed: 0.000s  Memory: 4682.00M
"enclosing" in: sky130A_mr.drc:402
    Edge pairs: 6653620 (flat)  2424965 (hierarchical)
    Elapsed: 156.460s  Memory: 5073.00M
"second_edges" in: sky130A_mr.drc:402
    Edges: 6653620 (flat)  2424965 (hierarchical)
    Elapsed: 0.170s  Memory: 5107.00M
"width" in: sky130A_mr.drc:403
    Edge pairs: 0 (flat)  0 (hierarchical)
    Elapsed: 27.860s  Memory: 5532.00M
"polygons" in: sky130A_mr.drc:404
    Polygons (raw): 0 (flat)  0 (hierarchical)
    Elapsed: 0.010s  Memory: 5532.00M
"interacting" in: sky130A_mr.drc:404
    Polygons (raw): 0 (flat)  0 (hierarchical)
    Elapsed: 0.000s  Memory: 5532.00M
"output" in: sky130A_mr.drc:405
    Polygons (raw): 0 (flat)  0 (hierarchical)
    Elapsed: 0.000s  Memory: 5532.00M
"with_area" in: sky130A_mr.drc:406
    Polygons (raw): 0 (flat)  0 (hierarchical)
    Elapsed: 0.570s  Memory: 5532.00M
"output" in: sky130A_mr.drc:406
    Polygons (raw): 0 (flat)  0 (hierarchical)
    Elapsed: 0.010s  Memory: 5532.00M
END: 67/20 (li)
START: 67/44 (mcon)
"not" in: sky130A_mr.drc:411
    Polygons (raw): 6711261 (flat)  446772 (hierarchical)
    Elapsed: 0.000s  Memory: 5532.00M
"not" in: sky130A_mr.drc:418
    Polygons (raw): 6711261 (flat)  446772 (hierarchical)
    Elapsed: 0.010s  Memory: 5532.00M
"non_rectangles" in: sky130A_mr.drc:419
    Polygons (raw): 0 (flat)  0 (hierarchical)
    Elapsed: 49.520s  Memory: 5912.00M
"output" in: sky130A_mr.drc:419
    Polygons (raw): 0 (flat)  0 (hierarchical)
    Elapsed: 0.010s  Memory: 5912.00M
"drc" in: sky130A_mr.drc:421
    Edge pairs: 0 (flat)  0 (hierarchical)
    Elapsed: 58.830s  Memory: 5967.00M
"output" in: sky130A_mr.drc:421
    Edge pairs: 0 (flat)  0 (hierarchical)
    Elapsed: 0.010s  Memory: 5967.00M
"drc" in: sky130A_mr.drc:422
    Edges: 0 (flat)  0 (hierarchical)
    Elapsed: 9.830s  Memory: 5967.00M
"output" in: sky130A_mr.drc:422
    Edges: 0 (flat)  0 (hierarchical)
    Elapsed: 0.010s  Memory: 5967.00M
"space" in: sky130A_mr.drc:423
    Edge pairs: 0 (flat)  0 (hierarchical)
    Elapsed: 74.400s  Memory: 5967.00M
"output" in: sky130A_mr.drc:423
    Edge pairs: 0 (flat)  0 (hierarchical)
    Elapsed: 0.010s  Memory: 5967.00M
"not" in: sky130A_mr.drc:429
    Polygons (raw): 0 (flat)  0 (hierarchical)
    Elapsed: 76.940s  Memory: 5977.00M
"output" in: sky130A_mr.drc:429
    Polygons (raw): 0 (flat)  0 (hierarchical)
    Elapsed: 0.010s  Memory: 5967.00M
END: 67/44 (mcon)
START: 68/20 (m1)
"width" in: sky130A_mr.drc:434
    Edge pairs: 0 (flat)  0 (hierarchical)
    Elapsed: 34.890s  Memory: 5979.00M
"output" in: sky130A_mr.drc:434
    Edge pairs: 0 (flat)  0 (hierarchical)
    Elapsed: 0.010s  Memory: 5979.00M
"sized" in: sky130A_mr.drc:435
    Polygons (raw): 574 (flat)  54 (hierarchical)
    Elapsed: 8.800s  Memory: 5979.00M
"sized" in: sky130A_mr.drc:435
    Polygons (raw): 574 (flat)  54 (hierarchical)
    Elapsed: 0.050s  Memory: 5979.00M
"snap" in: sky130A_mr.drc:435
    Polygons (raw): 562 (flat)  126 (hierarchical)
    Elapsed: 0.680s  Memory: 5979.00M
"&" in: sky130A_mr.drc:435
    Polygons (raw): 609 (flat)  163 (hierarchical)
    Elapsed: 0.280s  Memory: 5979.00M
"edges" in: sky130A_mr.drc:436
    Edges: 5959380 (flat)  4463255 (hierarchical)
    Elapsed: 0.580s  Memory: 6011.00M
"-" in: sky130A_mr.drc:436
    Edges: 5957668 (flat)  4462663 (hierarchical)
    Elapsed: 5.460s  Memory: 6300.00M
"edges" in: sky130A_mr.drc:437
    Edges: 4681 (flat)  1187 (hierarchical)
    Elapsed: 0.310s  Memory: 6267.00M
"merged" in: sky130A_mr.drc:437
    Polygons (raw): 438801 (flat)  311451 (hierarchical)
    Elapsed: 0.010s  Memory: 6267.00M
"outside_part" in: sky130A_mr.drc:437
    Edges: 3037 (flat)  883 (hierarchical)
    Elapsed: 0.160s  Memory: 6267.00M
"space" in: sky130A_mr.drc:439
    Edge pairs: 0 (flat)  0 (hierarchical)
    Elapsed: 46.360s  Memory: 6802.00M
"output" in: sky130A_mr.drc:439
    Edge pairs: 0 (flat)  0 (hierarchical)
    Elapsed: 0.210s  Memory: 6802.00M
"separation" in: sky130A_mr.drc:441
    Edge pairs: 0 (flat)  0 (hierarchical)
    Elapsed: 0.480s  Memory: 6802.00M
"space" in: sky130A_mr.drc:441
    Edge pairs: 0 (flat)  0 (hierarchical)
    Elapsed: 0.040s  Memory: 6802.00M
"+" in: sky130A_mr.drc:441
    Edge pairs: 0 (flat)  0 (hierarchical)
    Elapsed: 0.000s  Memory: 6802.00M
"output" in: sky130A_mr.drc:441
    Edge pairs: 0 (flat)  0 (hierarchical)
    Elapsed: 0.000s  Memory: 6802.00M
"input" in: sky130A_mr.drc:445
    Polygons (raw): 3111314 (flat)  1743761 (hierarchical)
    Elapsed: 1.720s  Memory: 6802.00M
"enclosing" in: sky130A_mr.drc:447
    Edge pairs: 0 (flat)  0 (hierarchical)
    Elapsed: 590.870s  Memory: 6802.00M
"output" in: sky130A_mr.drc:447
    Edge pairs: 0 (flat)  0 (hierarchical)
    Elapsed: 0.010s  Memory: 6802.00M
"not" in: sky130A_mr.drc:448
    Polygons (raw): 0 (flat)  0 (hierarchical)
    Elapsed: 88.820s  Memory: 6812.00M
"output" in: sky130A_mr.drc:448
    Polygons (raw): 0 (flat)  0 (hierarchical)
    Elapsed: 0.020s  Memory: 6802.00M
"input" in: sky130A_mr.drc:450
    Polygons (raw): 0 (flat)  0 (hierarchical)
    Elapsed: 0.210s  Memory: 6802.00M
"enclosing" in: sky130A_mr.drc:451
    Edge pairs: 0 (flat)  0 (hierarchical)
    Elapsed: 0.000s  Memory: 6802.00M
"output" in: sky130A_mr.drc:451
    Edge pairs: 0 (flat)  0 (hierarchical)
    Elapsed: 0.010s  Memory: 6802.00M
"not" in: sky130A_mr.drc:453
    Polygons (raw): 0 (flat)  0 (hierarchical)
    Elapsed: 0.000s  Memory: 6802.00M
"output" in: sky130A_mr.drc:453
    Polygons (raw): 0 (flat)  0 (hierarchical)
    Elapsed: 0.000s  Memory: 6802.00M
"with_area" in: sky130A_mr.drc:455
    Polygons (raw): 0 (flat)  0 (hierarchical)
    Elapsed: 0.550s  Memory: 6802.00M
"output" in: sky130A_mr.drc:455
    Polygons (raw): 0 (flat)  0 (hierarchical)
    Elapsed: 0.010s  Memory: 6802.00M
"holes" in: sky130A_mr.drc:457
    Polygons (raw): 1855 (flat)  336 (hierarchical)
    Elapsed: 0.230s  Memory: 6802.00M
"with_area" in: sky130A_mr.drc:457
    Polygons (raw): 0 (flat)  0 (hierarchical)
    Elapsed: 0.360s  Memory: 6802.00M
"output" in: sky130A_mr.drc:457
    Polygons (raw): 0 (flat)  0 (hierarchical)
    Elapsed: 0.090s  Memory: 6802.00M
"enclosing" in: sky130A_mr.drc:464
    Edge pairs: 2349179 (flat)  967637 (hierarchical)
    Elapsed: 568.380s  Memory: 6994.00M
"second_edges" in: sky130A_mr.drc:464
    Edges: 2349179 (flat)  967637 (hierarchical)
    Elapsed: 0.090s  Memory: 6994.00M
"width" in: sky130A_mr.drc:465
    Edge pairs: 0 (flat)  0 (hierarchical)
    Elapsed: 6.890s  Memory: 6930.00M
"polygons" in: sky130A_mr.drc:466
    Polygons (raw): 0 (flat)  0 (hierarchical)
    Elapsed: 0.020s  Memory: 6930.00M
"interacting" in: sky130A_mr.drc:466
    Polygons (raw): 0 (flat)  0 (hierarchical)
    Elapsed: 0.000s  Memory: 6930.00M
"output" in: sky130A_mr.drc:467
    Polygons (raw): 0 (flat)  0 (hierarchical)
    Elapsed: 0.000s  Memory: 6930.00M
END: 68/20 (m1)
START: 68/44 (via)
"not" in: sky130A_mr.drc:481
    Polygons (raw): 1306209 (flat)  705160 (hierarchical)
    Elapsed: 0.020s  Memory: 6930.00M
"non_rectangles" in: sky130A_mr.drc:483
    Polygons (raw): 0 (flat)  0 (hierarchical)
    Elapsed: 6.360s  Memory: 6930.00M
"output" in: sky130A_mr.drc:483
    Polygons (raw): 0 (flat)  0 (hierarchical)
    Elapsed: 0.010s  Memory: 6930.00M
"width" in: sky130A_mr.drc:484
    Edge pairs: 0 (flat)  0 (hierarchical)
    Elapsed: 0.610s  Memory: 6930.00M
"output" in: sky130A_mr.drc:484
    Edge pairs: 0 (flat)  0 (hierarchical)
    Elapsed: 0.010s  Memory: 6930.00M
"drc" in: sky130A_mr.drc:486
    Edges: 0 (flat)  0 (hierarchical)
    Elapsed: 3.520s  Memory: 6930.00M
"output" in: sky130A_mr.drc:486
    Edges: 0 (flat)  0 (hierarchical)
    Elapsed: 0.010s  Memory: 6930.00M
"space" in: sky130A_mr.drc:488
    Edge pairs: 0 (flat)  0 (hierarchical)
    Elapsed: 3.950s  Memory: 6930.00M
"output" in: sky130A_mr.drc:488
    Edge pairs: 0 (flat)  0 (hierarchical)
    Elapsed: 0.010s  Memory: 6930.00M
"edges" in: sky130A_mr.drc:496
    Edges: 5959380 (flat)  4463255 (hierarchical)
    Elapsed: 0.460s  Memory: 6930.00M
"drc" in: sky130A_mr.drc:496
    Edges: 5222720 (flat)  2820444 (hierarchical)
    Elapsed: 20.020s  Memory: 6930.00M
"enclosing" in: sky130A_mr.drc:496
    Edge pairs: 0 (flat)  0 (hierarchical)
    Elapsed: 6.460s  Memory: 6930.00M
"output" in: sky130A_mr.drc:496
    Edge pairs: 0 (flat)  0 (hierarchical)
    Elapsed: 0.230s  Memory: 6930.00M
"squares" in: sky130A_mr.drc:497
    Polygons (raw): 1305680 (flat)  705111 (hierarchical)
    Elapsed: 0.440s  Memory: 6930.00M
"drc" in: sky130A_mr.drc:497
    Edges: 5222720 (flat)  2820444 (hierarchical)
    Elapsed: 13.650s  Memory: 6930.00M
"not" in: sky130A_mr.drc:497
    Edges: 0 (flat)  0 (hierarchical)
    Elapsed: 35.050s  Memory: 6930.00M
"output" in: sky130A_mr.drc:497
    Edges: 0 (flat)  0 (hierarchical)
    Elapsed: 0.200s  Memory: 6930.00M
"edges" in: sky130A_mr.drc:499
    Edges: 5959380 (flat)  4463255 (hierarchical)
    Elapsed: 0.460s  Memory: 6930.00M
"drc" in: sky130A_mr.drc:499
    Edges: 5222720 (flat)  2820444 (hierarchical)
    Elapsed: 13.600s  Memory: 6930.00M
"enclosing" in: sky130A_mr.drc:499
    Edge pairs: 1403401 (flat)  984687 (hierarchical)
    Elapsed: 17.080s  Memory: 6930.00M
"second_edges" in: sky130A_mr.drc:499
    Edges: 1403401 (flat)  984687 (hierarchical)
    Elapsed: 0.080s  Memory: 6930.00M
"width" in: sky130A_mr.drc:500
    Edge pairs: 0 (flat)  0 (hierarchical)
    Elapsed: 6.020s  Memory: 6930.00M
"polygons" in: sky130A_mr.drc:501
    Polygons (raw): 0 (flat)  0 (hierarchical)
    Elapsed: 0.020s  Memory: 6930.00M
"interacting" in: sky130A_mr.drc:501
    Polygons (raw): 0 (flat)  0 (hierarchical)
    Elapsed: 0.010s  Memory: 6930.00M
"output" in: sky130A_mr.drc:502
    Polygons (raw): 0 (flat)  0 (hierarchical)
    Elapsed: 0.000s  Memory: 6930.00M
END: 68/44 (via)
START: 69/20 (m2)
"width" in: sky130A_mr.drc:509
    Edge pairs: 0 (flat)  0 (hierarchical)
    Elapsed: 7.010s  Memory: 6930.00M
"output" in: sky130A_mr.drc:509
    Edge pairs: 0 (flat)  0 (hierarchical)
    Elapsed: 0.010s  Memory: 6930.00M
"sized" in: sky130A_mr.drc:511
    Polygons (raw): 547 (flat)  124 (hierarchical)
    Elapsed: 5.010s  Memory: 6930.00M
"sized" in: sky130A_mr.drc:511
    Polygons (raw): 547 (flat)  124 (hierarchical)
    Elapsed: 0.090s  Memory: 6930.00M
"snap" in: sky130A_mr.drc:511
    Polygons (raw): 547 (flat)  124 (hierarchical)
    Elapsed: 0.400s  Memory: 6930.00M
"&" in: sky130A_mr.drc:511
    Polygons (raw): 776 (flat)  293 (hierarchical)
    Elapsed: 0.390s  Memory: 6930.00M
"edges" in: sky130A_mr.drc:512
    Edges: 3887443 (flat)  3415173 (hierarchical)
    Elapsed: 0.350s  Memory: 6930.00M
"-" in: sky130A_mr.drc:512
    Edges: 3883284 (flat)  3413265 (hierarchical)
    Elapsed: 4.300s  Memory: 7186.00M
"edges" in: sky130A_mr.drc:513
    Edges: 5769 (flat)  2389 (hierarchical)
    Elapsed: 0.350s  Memory: 7186.00M
"merged" in: sky130A_mr.drc:513
    Polygons (raw): 283486 (flat)  240172 (hierarchical)
    Elapsed: 0.010s  Memory: 7186.00M
"outside_part" in: sky130A_mr.drc:513
    Edges: 4859 (flat)  2209 (hierarchical)
    Elapsed: 0.230s  Memory: 7186.00M
"not" in: sky130A_mr.drc:514
    Polygons (raw): 1306209 (flat)  705160 (hierarchical)
    Elapsed: 0.040s  Memory: 7186.00M
"space" in: sky130A_mr.drc:516
    Edge pairs: 0 (flat)  0 (hierarchical)
    Elapsed: 49.930s  Memory: 7384.00M
"output" in: sky130A_mr.drc:516
    Edge pairs: 0 (flat)  0 (hierarchical)
    Elapsed: 0.010s  Memory: 7384.00M
"separation" in: sky130A_mr.drc:518
    Edge pairs: 0 (flat)  0 (hierarchical)
    Elapsed: 0.880s  Memory: 7384.00M
"space" in: sky130A_mr.drc:518
    Edge pairs: 0 (flat)  0 (hierarchical)
    Elapsed: 0.050s  Memory: 7384.00M
"+" in: sky130A_mr.drc:518
    Edge pairs: 0 (flat)  0 (hierarchical)
    Elapsed: 0.000s  Memory: 7384.00M
"output" in: sky130A_mr.drc:518
    Edge pairs: 0 (flat)  0 (hierarchical)
    Elapsed: 0.000s  Memory: 7384.00M
"with_area" in: sky130A_mr.drc:520
    Polygons (raw): 0 (flat)  0 (hierarchical)
    Elapsed: 0.420s  Memory: 7384.00M
"output" in: sky130A_mr.drc:520
    Polygons (raw): 0 (flat)  0 (hierarchical)
    Elapsed: 0.010s  Memory: 7384.00M
"holes" in: sky130A_mr.drc:521
    Polygons (raw): 8 (flat)  8 (hierarchical)
    Elapsed: 0.170s  Memory: 7384.00M
"with_area" in: sky130A_mr.drc:521
    Polygons (raw): 0 (flat)  0 (hierarchical)
    Elapsed: 0.380s  Memory: 7384.00M
"output" in: sky130A_mr.drc:521
    Polygons (raw): 0 (flat)  0 (hierarchical)
    Elapsed: 0.100s  Memory: 7384.00M
"enclosing" in: sky130A_mr.drc:526
    Edge pairs: 0 (flat)  0 (hierarchical)
    Elapsed: 13.900s  Memory: 7384.00M
"output" in: sky130A_mr.drc:526
    Edge pairs: 0 (flat)  0 (hierarchical)
    Elapsed: 0.010s  Memory: 7384.00M
"not" in: sky130A_mr.drc:527
    Polygons (raw): 0 (flat)  0 (hierarchical)
    Elapsed: 6.880s  Memory: 7384.00M
"output" in: sky130A_mr.drc:527
    Polygons (raw): 0 (flat)  0 (hierarchical)
    Elapsed: 0.020s  Memory: 7384.00M
"enclosing" in: sky130A_mr.drc:528
    Edge pairs: 1273215 (flat)  960774 (hierarchical)
    Elapsed: 20.750s  Memory: 7384.00M
"second_edges" in: sky130A_mr.drc:528
    Edges: 1273215 (flat)  960774 (hierarchical)
    Elapsed: 0.080s  Memory: 7384.00M
"width" in: sky130A_mr.drc:529
    Edge pairs: 0 (flat)  0 (hierarchical)
    Elapsed: 6.110s  Memory: 7384.00M
"polygons" in: sky130A_mr.drc:530
    Polygons (raw): 0 (flat)  0 (hierarchical)
    Elapsed: 0.020s  Memory: 7384.00M
"interacting" in: sky130A_mr.drc:530
    Polygons (raw): 0 (flat)  0 (hierarchical)
    Elapsed: 0.000s  Memory: 7384.00M
"output" in: sky130A_mr.drc:531
    Polygons (raw): 0 (flat)  0 (hierarchical)
    Elapsed: 0.000s  Memory: 7384.00M
END: 69/20 (m2)
START: 69/44 (via2)
"not" in: sky130A_mr.drc:546
    Polygons (raw): 865799 (flat)  321376 (hierarchical)
    Elapsed: 0.010s  Memory: 7384.00M
"non_rectangles" in: sky130A_mr.drc:547
    Polygons (raw): 0 (flat)  0 (hierarchical)
    Elapsed: 3.160s  Memory: 7384.00M
"output" in: sky130A_mr.drc:547
    Polygons (raw): 0 (flat)  0 (hierarchical)
    Elapsed: 0.020s  Memory: 7384.00M
"width" in: sky130A_mr.drc:548
    Edge pairs: 0 (flat)  0 (hierarchical)
    Elapsed: 0.280s  Memory: 7384.00M
"output" in: sky130A_mr.drc:548
    Edge pairs: 0 (flat)  0 (hierarchical)
    Elapsed: 0.000s  Memory: 7384.00M
"edges" in: sky130A_mr.drc:549
    Edges: 3463196 (flat)  1285504 (hierarchical)
    Elapsed: 0.180s  Memory: 7384.00M
"without_length" in: sky130A_mr.drc:549
    Edges: 0 (flat)  0 (hierarchical)
    Elapsed: 0.140s  Memory: 7384.00M
"output" in: sky130A_mr.drc:549
    Edges: 0 (flat)  0 (hierarchical)
    Elapsed: 0.000s  Memory: 7384.00M
"space" in: sky130A_mr.drc:550
    Edge pairs: 0 (flat)  0 (hierarchical)
    Elapsed: 2.300s  Memory: 7384.00M
"output" in: sky130A_mr.drc:550
    Edge pairs: 0 (flat)  0 (hierarchical)
    Elapsed: 0.210s  Memory: 7384.00M
"enclosing" in: sky130A_mr.drc:558
    Edge pairs: 0 (flat)  0 (hierarchical)
    Elapsed: 7.350s  Memory: 7384.00M
"output" in: sky130A_mr.drc:558
    Edge pairs: 0 (flat)  0 (hierarchical)
    Elapsed: 0.010s  Memory: 7384.00M
"not" in: sky130A_mr.drc:559
    Polygons (raw): 0 (flat)  0 (hierarchical)
    Elapsed: 3.800s  Memory: 7384.00M
"output" in: sky130A_mr.drc:559
    Polygons (raw): 0 (flat)  0 (hierarchical)
    Elapsed: 0.010s  Memory: 7384.00M
"enclosing" in: sky130A_mr.drc:561
    Edge pairs: 309224 (flat)  233033 (hierarchical)
    Elapsed: 9.850s  Memory: 7384.00M
"second_edges" in: sky130A_mr.drc:561
    Edges: 309224 (flat)  233033 (hierarchical)
    Elapsed: 0.030s  Memory: 7384.00M
"width" in: sky130A_mr.drc:562
    Edge pairs: 0 (flat)  0 (hierarchical)
    Elapsed: 1.730s  Memory: 7384.00M
"polygons" in: sky130A_mr.drc:563
    Polygons (raw): 0 (flat)  0 (hierarchical)
    Elapsed: 0.010s  Memory: 7384.00M
"interacting" in: sky130A_mr.drc:563
    Polygons (raw): 0 (flat)  0 (hierarchical)
    Elapsed: 0.010s  Memory: 7384.00M
"output" in: sky130A_mr.drc:564
    Polygons (raw): 0 (flat)  0 (hierarchical)
    Elapsed: 0.000s  Memory: 7384.00M
END: 69/44 (via2)
START: 70/20 (m3)
"width" in: sky130A_mr.drc:570
    Edge pairs: 0 (flat)  0 (hierarchical)
    Elapsed: 2.270s  Memory: 7384.00M
"output" in: sky130A_mr.drc:570
    Edge pairs: 0 (flat)  0 (hierarchical)
    Elapsed: 0.020s  Memory: 7384.00M
"sized" in: sky130A_mr.drc:572
    Polygons (raw): 1715 (flat)  405 (hierarchical)
    Elapsed: 1.080s  Memory: 7384.00M
"sized" in: sky130A_mr.drc:572
    Polygons (raw): 1715 (flat)  405 (hierarchical)
    Elapsed: 0.090s  Memory: 7384.00M
"snap" in: sky130A_mr.drc:572
    Polygons (raw): 1671 (flat)  401 (hierarchical)
    Elapsed: 0.400s  Memory: 7384.00M
"&" in: sky130A_mr.drc:572
    Polygons (raw): 1923 (flat)  559 (hierarchical)
    Elapsed: 0.390s  Memory: 7384.00M
"edges" in: sky130A_mr.drc:573
    Edges: 779763 (flat)  714265 (hierarchical)
    Elapsed: 0.080s  Memory: 7384.00M
"-" in: sky130A_mr.drc:573
    Edges: 769682 (flat)  711480 (hierarchical)
    Elapsed: 1.330s  Memory: 7384.00M
"edges" in: sky130A_mr.drc:574
    Edges: 11687 (flat)  3135 (hierarchical)
    Elapsed: 0.350s  Memory: 7384.00M
"merged" in: sky130A_mr.drc:574
    Polygons (raw): 70996 (flat)  62921 (hierarchical)
    Elapsed: 0.010s  Memory: 7384.00M
"outside_part" in: sky130A_mr.drc:574
    Edges: 11012 (flat)  3060 (hierarchical)
    Elapsed: 0.220s  Memory: 7384.00M
"space" in: sky130A_mr.drc:576
    Edge pairs: 0 (flat)  0 (hierarchical)
    Elapsed: 6.990s  Memory: 7384.00M
"output" in: sky130A_mr.drc:576
    Edge pairs: 0 (flat)  0 (hierarchical)
    Elapsed: 0.200s  Memory: 7384.00M
"separation" in: sky130A_mr.drc:578
    Edge pairs: 0 (flat)  0 (hierarchical)
    Elapsed: 0.760s  Memory: 7384.00M
"space" in: sky130A_mr.drc:578
    Edge pairs: 0 (flat)  0 (hierarchical)
    Elapsed: 0.050s  Memory: 7384.00M
"+" in: sky130A_mr.drc:578
    Edge pairs: 0 (flat)  0 (hierarchical)
    Elapsed: 0.010s  Memory: 7384.00M
"output" in: sky130A_mr.drc:578
    Edge pairs: 0 (flat)  0 (hierarchical)
    Elapsed: 0.000s  Memory: 7384.00M
"enclosing" in: sky130A_mr.drc:583
    Edge pairs: 0 (flat)  0 (hierarchical)
    Elapsed: 4.520s  Memory: 7384.00M
"output" in: sky130A_mr.drc:583
    Edge pairs: 0 (flat)  0 (hierarchical)
    Elapsed: 0.020s  Memory: 7384.00M
"not" in: sky130A_mr.drc:584
    Polygons (raw): 0 (flat)  0 (hierarchical)
    Elapsed: 2.730s  Memory: 7384.00M
"output" in: sky130A_mr.drc:584
    Polygons (raw): 0 (flat)  0 (hierarchical)
    Elapsed: 0.020s  Memory: 7384.00M
END: 70/20 (m3)
START: 70/44 (via3)
"not" in: sky130A_mr.drc:598
    Polygons (raw): 756880 (flat)  267651 (hierarchical)
    Elapsed: 0.010s  Memory: 7384.00M
"non_rectangles" in: sky130A_mr.drc:599
    Polygons (raw): 0 (flat)  0 (hierarchical)
    Elapsed: 14.690s  Memory: 7384.00M
"output" in: sky130A_mr.drc:599
    Polygons (raw): 0 (flat)  0 (hierarchical)
    Elapsed: 0.010s  Memory: 7384.00M
"width" in: sky130A_mr.drc:600
    Edge pairs: 0 (flat)  0 (hierarchical)
    Elapsed: 0.240s  Memory: 7384.00M
"output" in: sky130A_mr.drc:600
    Edge pairs: 0 (flat)  0 (hierarchical)
    Elapsed: 0.000s  Memory: 7384.00M
"edges" in: sky130A_mr.drc:601
    Edges: 3027520 (flat)  1070604 (hierarchical)
    Elapsed: 0.160s  Memory: 7384.00M
"without_length" in: sky130A_mr.drc:601
    Edges: 0 (flat)  0 (hierarchical)
    Elapsed: 0.130s  Memory: 7384.00M
"output" in: sky130A_mr.drc:601
    Edges: 0 (flat)  0 (hierarchical)
    Elapsed: 0.000s  Memory: 7384.00M
"space" in: sky130A_mr.drc:603
    Edge pairs: 0 (flat)  0 (hierarchical)
    Elapsed: 3.800s  Memory: 7384.00M
"output" in: sky130A_mr.drc:603
    Edge pairs: 0 (flat)  0 (hierarchical)
    Elapsed: 0.200s  Memory: 7384.00M
"enclosing" in: sky130A_mr.drc:604
    Edge pairs: 0 (flat)  0 (hierarchical)
    Elapsed: 4.050s  Memory: 7384.00M
"output" in: sky130A_mr.drc:604
    Edge pairs: 0 (flat)  0 (hierarchical)
    Elapsed: 0.010s  Memory: 7384.00M
"not" in: sky130A_mr.drc:605
    Polygons (raw): 0 (flat)  0 (hierarchical)
    Elapsed: 3.430s  Memory: 7384.00M
"output" in: sky130A_mr.drc:605
    Polygons (raw): 0 (flat)  0 (hierarchical)
    Elapsed: 0.010s  Memory: 7384.00M
"enclosing" in: sky130A_mr.drc:607
    Edge pairs: 212371 (flat)  146419 (hierarchical)
    Elapsed: 5.150s  Memory: 7384.00M
"second_edges" in: sky130A_mr.drc:607
    Edges: 212371 (flat)  146419 (hierarchical)
    Elapsed: 0.020s  Memory: 7384.00M
"width" in: sky130A_mr.drc:608
    Edge pairs: 0 (flat)  0 (hierarchical)
    Elapsed: 1.250s  Memory: 7384.00M
"polygons" in: sky130A_mr.drc:609
    Polygons (raw): 0 (flat)  0 (hierarchical)
    Elapsed: 0.020s  Memory: 7384.00M
"interacting" in: sky130A_mr.drc:609
    Polygons (raw): 0 (flat)  0 (hierarchical)
    Elapsed: 0.000s  Memory: 7384.00M
"output" in: sky130A_mr.drc:610
    Polygons (raw): 0 (flat)  0 (hierarchical)
    Elapsed: 0.000s  Memory: 7384.00M
END: 70/44 (via3)
START: 71/20 (m4)
"width" in: sky130A_mr.drc:616
    Edge pairs: 0 (flat)  0 (hierarchical)
    Elapsed: 0.820s  Memory: 7384.00M
"output" in: sky130A_mr.drc:616
    Edge pairs: 0 (flat)  0 (hierarchical)
    Elapsed: 0.010s  Memory: 7384.00M
"sized" in: sky130A_mr.drc:618
    Polygons (raw): 617 (flat)  327 (hierarchical)
    Elapsed: 0.140s  Memory: 7384.00M
"sized" in: sky130A_mr.drc:618
    Polygons (raw): 617 (flat)  327 (hierarchical)
    Elapsed: 0.070s  Memory: 7384.00M
"snap" in: sky130A_mr.drc:618
    Polygons (raw): 617 (flat)  327 (hierarchical)
    Elapsed: 0.540s  Memory: 7384.00M
"&" in: sky130A_mr.drc:618
    Polygons (raw): 875 (flat)  585 (hierarchical)
    Elapsed: 2.010s  Memory: 7384.00M
"edges" in: sky130A_mr.drc:619
    Edges: 79808 (flat)  69390 (hierarchical)
    Elapsed: 0.140s  Memory: 7384.00M
"-" in: sky130A_mr.drc:619
    Edges: 77144 (flat)  67806 (hierarchical)
    Elapsed: 0.470s  Memory: 7384.00M
"edges" in: sky130A_mr.drc:620
    Edges: 3314 (flat)  1874 (hierarchical)
    Elapsed: 0.360s  Memory: 7384.00M
"merged" in: sky130A_mr.drc:620
    Polygons (raw): 7567 (flat)  5842 (hierarchical)
    Elapsed: 0.010s  Memory: 7384.00M
"outside_part" in: sky130A_mr.drc:620
    Edges: 3121 (flat)  1881 (hierarchical)
    Elapsed: 0.270s  Memory: 7384.00M
"space" in: sky130A_mr.drc:622
    Edge pairs: 0 (flat)  0 (hierarchical)
    Elapsed: 1.330s  Memory: 7384.00M
"output" in: sky130A_mr.drc:622
    Edge pairs: 0 (flat)  0 (hierarchical)
    Elapsed: 0.210s  Memory: 7384.00M
"with_area" in: sky130A_mr.drc:624
    Polygons (raw): 0 (flat)  0 (hierarchical)
    Elapsed: 0.070s  Memory: 7384.00M
"output" in: sky130A_mr.drc:624
    Polygons (raw): 0 (flat)  0 (hierarchical)
    Elapsed: 0.000s  Memory: 7384.00M
"separation" in: sky130A_mr.drc:626
    Edge pairs: 0 (flat)  0 (hierarchical)
    Elapsed: 0.450s  Memory: 7384.00M
"space" in: sky130A_mr.drc:626
    Edge pairs: 0 (flat)  0 (hierarchical)
    Elapsed: 0.050s  Memory: 7384.00M
"+" in: sky130A_mr.drc:626
    Edge pairs: 0 (flat)  0 (hierarchical)
    Elapsed: 0.000s  Memory: 7384.00M
"output" in: sky130A_mr.drc:626
    Edge pairs: 0 (flat)  0 (hierarchical)
    Elapsed: 0.000s  Memory: 7384.00M
"enclosing" in: sky130A_mr.drc:631
    Edge pairs: 0 (flat)  0 (hierarchical)
    Elapsed: 50.590s  Memory: 7384.00M
"output" in: sky130A_mr.drc:631
    Edge pairs: 0 (flat)  0 (hierarchical)
    Elapsed: 0.010s  Memory: 7384.00M
"not" in: sky130A_mr.drc:632
    Polygons (raw): 0 (flat)  0 (hierarchical)
    Elapsed: 5.250s  Memory: 7384.00M
"output" in: sky130A_mr.drc:632
    Polygons (raw): 0 (flat)  0 (hierarchical)
    Elapsed: 0.020s  Memory: 7384.00M
END: 71/20 (m4)
START: 71/44 (via4)
"not" in: sky130A_mr.drc:645
    Polygons (raw): 247856 (flat)  58158 (hierarchical)
    Elapsed: 0.010s  Memory: 7384.00M
"non_rectangles" in: sky130A_mr.drc:646
    Polygons (raw): 0 (flat)  0 (hierarchical)
    Elapsed: 1.110s  Memory: 7384.00M
"output" in: sky130A_mr.drc:646
    Polygons (raw): 0 (flat)  0 (hierarchical)
    Elapsed: 0.010s  Memory: 7384.00M
"width" in: sky130A_mr.drc:647
    Edge pairs: 0 (flat)  0 (hierarchical)
    Elapsed: 1.160s  Memory: 7384.00M
"output" in: sky130A_mr.drc:647
    Edge pairs: 0 (flat)  0 (hierarchical)
    Elapsed: 0.010s  Memory: 7384.00M
"drc" in: sky130A_mr.drc:648
    Edges: 0 (flat)  0 (hierarchical)
    Elapsed: 0.440s  Memory: 7384.00M
"output" in: sky130A_mr.drc:648
    Edges: 0 (flat)  0 (hierarchical)
    Elapsed: 0.000s  Memory: 7384.00M
"space" in: sky130A_mr.drc:650
    Edge pairs: 0 (flat)  0 (hierarchical)
    Elapsed: 0.520s  Memory: 7384.00M
"polygons" in: sky130A_mr.drc:650
    Polygons (raw): 0 (flat)  0 (hierarchical)
    Elapsed: 0.010s  Memory: 7384.00M
"output" in: sky130A_mr.drc:650
    Polygons (raw): 0 (flat)  0 (hierarchical)
    Elapsed: 0.010s  Memory: 7384.00M
"enclosing" in: sky130A_mr.drc:658
    Edge pairs: 0 (flat)  0 (hierarchical)
    Elapsed: 11.780s  Memory: 7384.00M
"output" in: sky130A_mr.drc:658
    Edge pairs: 0 (flat)  0 (hierarchical)
    Elapsed: 0.010s  Memory: 7384.00M
"not" in: sky130A_mr.drc:659
    Polygons (raw): 0 (flat)  0 (hierarchical)
    Elapsed: 1.890s  Memory: 7384.00M
"output" in: sky130A_mr.drc:659
    Polygons (raw): 0 (flat)  0 (hierarchical)
    Elapsed: 0.020s  Memory: 7384.00M
END: 71/44 (via4)
START: 72/20 (m5)
"width" in: sky130A_mr.drc:664
    Edge pairs: 0 (flat)  0 (hierarchical)
    Elapsed: 0.540s  Memory: 7384.00M
"output" in: sky130A_mr.drc:664
    Edge pairs: 0 (flat)  0 (hierarchical)
    Elapsed: 0.010s  Memory: 7384.00M
"space" in: sky130A_mr.drc:666
    Edge pairs: 0 (flat)  0 (hierarchical)
    Elapsed: 0.960s  Memory: 7384.00M
"output" in: sky130A_mr.drc:666
    Edge pairs: 0 (flat)  0 (hierarchical)
    Elapsed: 0.000s  Memory: 7384.00M
"enclosing" in: sky130A_mr.drc:668
    Edge pairs: 0 (flat)  0 (hierarchical)
    Elapsed: 9.570s  Memory: 7384.00M
"output" in: sky130A_mr.drc:668
    Edge pairs: 0 (flat)  0 (hierarchical)
    Elapsed: 0.010s  Memory: 7384.00M
"not" in: sky130A_mr.drc:669
    Polygons (raw): 0 (flat)  0 (hierarchical)
    Elapsed: 0.640s  Memory: 7384.00M
"output" in: sky130A_mr.drc:669
    Polygons (raw): 0 (flat)  0 (hierarchical)
    Elapsed: 0.000s  Memory: 7384.00M
"with_area" in: sky130A_mr.drc:673
    Polygons (raw): 0 (flat)  0 (hierarchical)
    Elapsed: 0.070s  Memory: 7384.00M
"output" in: sky130A_mr.drc:673
    Polygons (raw): 0 (flat)  0 (hierarchical)
    Elapsed: 0.000s  Memory: 7384.00M
END: 72/20 (m5)
START: 76/20 (pad)
"space" in: sky130A_mr.drc:678
    Edge pairs: 0 (flat)  0 (hierarchical)
    Elapsed: 0.030s  Memory: 7384.00M
"output" in: sky130A_mr.drc:678
    Edge pairs: 0 (flat)  0 (hierarchical)
    Elapsed: 0.000s  Memory: 7384.00M
END: 76/20 (pad)
Writing report database: /mnt/uffs/user/u9715_ashabar/design/testasynctrimux-mpw8/jobs/tapeout/698f2180-e411-43b6-94f1-e21e719a34aa/outputs/klayout_beol_report.xml ..
Total elapsed: 2346.780s  Memory: 7143.00M
 
Cell exclusion list:
   rule    | cell
   nwell.6 | sky130_fd_io__gpiov2_amux, sky130_fd_io__simple_pad_and_busses, sram
   nsd.1   | sram
   nsd.2   | sram
   psd.1   | sram
   psd.2   | sram
 
release 2022.6.30_01.07
