/root/testasynctrimux-mpw8/configure.py
/root/testasynctrimux-mpw8/openlane/tiny_user_project/config.json
/root/testasynctrimux-mpw8/openlane/user_project_wrapper/config.json
/root/testasynctrimux-mpw8/sdc/tiny_user_project.sdc
/root/testasynctrimux-mpw8/sdc/user_module.sdc
/root/testasynctrimux-mpw8/sdc/user_project_wrapper.sdc
/root/testasynctrimux-mpw8/sdf/tiny_user_project.sdf
/root/testasynctrimux-mpw8/sdf/user_module.sdf
/root/testasynctrimux-mpw8/sdf/user_project_wrapper.sdf
/root/testasynctrimux-mpw8/sdf/multicorner/max/user_project_wrapper.ff.sdf
/root/testasynctrimux-mpw8/sdf/multicorner/max/user_project_wrapper.ss.sdf
/root/testasynctrimux-mpw8/sdf/multicorner/max/user_project_wrapper.tt.sdf
/root/testasynctrimux-mpw8/sdf/multicorner/min/user_project_wrapper.ff.sdf
/root/testasynctrimux-mpw8/sdf/multicorner/min/user_project_wrapper.ss.sdf
/root/testasynctrimux-mpw8/sdf/multicorner/min/user_project_wrapper.tt.sdf
/root/testasynctrimux-mpw8/sdf/multicorner/nom/user_project_wrapper.ff.sdf
/root/testasynctrimux-mpw8/sdf/multicorner/nom/user_project_wrapper.ss.sdf
/root/testasynctrimux-mpw8/sdf/multicorner/nom/user_project_wrapper.tt.sdf
/root/testasynctrimux-mpw8/spef/tiny_user_project.spef
/root/testasynctrimux-mpw8/spef/user_module.spef
/root/testasynctrimux-mpw8/spef/user_project_wrapper.spef
/root/testasynctrimux-mpw8/spef/multicorner/user_project_wrapper.max.spef
/root/testasynctrimux-mpw8/spef/multicorner/user_project_wrapper.min.spef
/root/testasynctrimux-mpw8/spef/multicorner/user_project_wrapper.nom.spef
/root/testasynctrimux-mpw8/verilog/includes/includes.gl+sdf.caravel_user_project
/root/testasynctrimux-mpw8/verilog/includes/includes.gl.caravel_user_project
/root/testasynctrimux-mpw8/verilog/includes/includes.rtl.caravel_user_project
/root/testasynctrimux-mpw8/verilog/rtl/cells.v
/root/testasynctrimux-mpw8/verilog/rtl/tiny_user_project.v
/root/testasynctrimux-mpw8/verilog/rtl/tiny_user_project.v.jinja2
/root/testasynctrimux-mpw8/verilog/rtl/user_module.v
/root/testasynctrimux-mpw8/verilog/rtl/wokwi_diagram.json
